#
# A fatal error has been detected by the Java Runtime Environment:
#
#  SIGSEGV (0xb) at pc=0x00007ffdf88bac19, pid=26470, tid=140728700856064
#
# JRE version: Java(TM) SE Runtime Environment (7.0_80-b15) (build 1.7.0_80-b15)
# Java VM: Java HotSpot(TM) 64-Bit Server VM (24.80-b11 mixed mode linux-amd64 compressed oops)
# Problematic frame:
# V  [libjvm.so+0x605c19]  java_lang_String::utf8_length(oopDesc*)+0xd9
#
# Failed to write core dump. Core dumps have been disabled. To enable core dumping, try "ulimit -c unlimited" before starting Java again
#
# If you would like to submit a bug report, please visit:
#   http://bugreport.java.com/bugreport/crash.jsp
#

---------------  T H R E A D  ---------------

Current thread (0x00007ffdf00a0000):  JavaThread "JDWP Transport Listener: dt_socket" daemon [_thread_in_vm, id=26488, stack(0x00007ffdf4296000,0x00007ffdf4397000)]

siginfo:si_signo=SIGSEGV: si_errno=0, si_code=1 (SEGV_MAPERR), si_addr=0x000000000000000c

Registers:
RAX=0x000000000000000c, RBX=0x00007ffdf0085b08, RCX=0x0000000000000000, RDX=0x0000000000000000
RSP=0x00007ffdf4395790, RBP=0x00007ffdf43957a0, RSI=0x000000000000000c, RDI=0x00000000ee6df5c0
R8 =0x0000000000000000, R9 =0x0000000000000001, R10=0x0000000000000000, R11=0x00007ffdf8904e00
R12=0x0000000000000000, R13=0x00007ffdf00a0000, R14=0x00007ffdf4395890, R15=0x0000000000000000
RIP=0x00007ffdf88bac19, EFLAGS=0x0000000000010246, CSGSFS=0x6d31000000000033, ERR=0x0000000000000004
  TRAPNO=0x000000000000000e

Top of Stack: (sp=0x00007ffdf4395790)
0x00007ffdf4395790:   00007ffdf0085b08 00000000ee6df5c0
0x00007ffdf43957a0:   00007ffdf4395810 00007ffdf890cfeb
0x00007ffdf43957b0:   00007ffdf00a0000 0000000000000000
0x00007ffdf43957c0:   00007ffdf4395810 00007ffdf7759f92
0x00007ffdf43957d0:   00007ffdf00a0000 000000000000000a
0x00007ffdf43957e0:   00007ffdf4395810 00007ffdf4395a20
0x00007ffdf43957f0:   00007ffdf00a01e8 00007ffdf0085b08
0x00007ffdf4395800:   00007ffdf4395890 00007ffdf796d120
0x00007ffdf4395810:   00007ffdf4395850 00007ffdf773c3b2
0x00007ffdf4395820:   000000000000bdb6 000000000000000a
0x00007ffdf4395830:   0000000000000001 000000000000000a
0x00007ffdf4395840:   0000000000010a00 0000000000000001
0x00007ffdf4395850:   00007ffdf4395aa0 00007ffdf7744976
0x00007ffdf4395860:   0000bdb600000013 00007ffdf8010a00
0x00007ffdf4395870:   00007ffdb8000fd0 00007ffdf00a0000
0x00007ffdf4395880:   00007ffdf4395890 00007ffdf4395a20
0x00007ffdf4395890:   00007ffdf43958e0 00007ffd0000012c
0x00007ffdf43958a0:   00007ffdf43958a8 0000000000000000
0x00007ffdf43958b0:   00007ffdf43958e0 0000000000000000
0x00007ffdf43958c0:   0000000000000000 0000bdb60000000f
0x00007ffdf43958d0:   00007ffd00005980 00007ffdf43958e0
0x00007ffdf43958e0:   6e69616d31000000 4200000000000000
0x00007ffdf43958f0:   000000000a000000 c000000000000000
0x00007ffdf4395900:   0400000000000000 00000000040c0000
0x00007ffdf4395910:   c100000009000000 0d00000000000000
0x00007ffdf4395920:   00000000c2000000 c400000016000000
0x00007ffdf4395930:   1a00000000000000 00000000c5000000
0x00007ffdf4395940:   c800000023000000 2b00000000000000
0x00007ffdf4395950:   00000000c9000000 cb00000036000000
0x00007ffdf4395960:   4200000000000000 04000801cc000000
0x00007ffdf4395970:   0000000000000001 db06f0fd7f00000e
0x00007ffdf4395980:   0000000000000018 000801000000000b 

Instructions: (pc=0x00007ffdf88bac19)
0x00007ffdf88babf9:   08 48 d3 e2 48 03 10 b8 0c 00 00 00 eb 12 66 0f
0x00007ffdf88bac09:   1f 84 00 00 00 00 00 48 8b 14 37 b8 10 00 00 00
0x00007ffdf88bac19:   8b 1c 02 e9 6b ff ff ff 90 66 66 66 66 66 2e 0f
0x00007ffdf88bac29:   1f 84 00 00 00 00 00 55 48 8b 05 60 67 80 00 48 

Register to memory mapping:

RAX=0x000000000000000c is an unknown value
RBX=0x00007ffdf0085b08 is a global jni handle
RCX=0x0000000000000000 is an unknown value
RDX=0x0000000000000000 is an unknown value
RSP=0x00007ffdf4395790 is pointing into the stack for thread: 0x00007ffdf00a0000
RBP=0x00007ffdf43957a0 is pointing into the stack for thread: 0x00007ffdf00a0000
RSI=0x000000000000000c is an unknown value
RDI=0x00000000ee6df5c0 is an oop
java.lang.String 
 - klass: 'java/lang/String'
R8 =0x0000000000000000 is an unknown value
R9 =0x0000000000000001 is an unknown value
R10=0x0000000000000000 is an unknown value
R11=0x00007ffdf8904e00: <offset 0x64fe00> in /opt/jdk1.7.0_80/jre/lib/amd64/server/libjvm.so at 0x00007ffdf82b5000
R12=0x0000000000000000 is an unknown value
R13=0x00007ffdf00a0000 is a thread
R14=0x00007ffdf4395890 is pointing into the stack for thread: 0x00007ffdf00a0000
R15=0x0000000000000000 is an unknown value


Stack: [0x00007ffdf4296000,0x00007ffdf4397000],  sp=0x00007ffdf4395790,  free space=1021k
Native frames: (J=compiled Java code, j=interpreted, Vv=VM code, C=native code)
V  [libjvm.so+0x605c19]  java_lang_String::utf8_length(oopDesc*)+0xd9
V  [libjvm.so+0x657feb]  jni_GetStringUTFChars+0xab
C  [libjdwp.so+0x93b2]  value+0x92
C  [libjdwp.so+0x11976]  debugLoop_run+0x2b6
C  [libjdwp.so+0x243af]  attachThread+0x2f
V  [libjvm.so+0x6ffad7]  JvmtiAgentThread::call_start_function()+0x97
V  [libjvm.so+0x95bfff]  JavaThread::thread_main_inner()+0xdf
V  [libjvm.so+0x95c105]  JavaThread::run()+0xf5
V  [libjvm.so+0x8238c8]  java_start(Thread*)+0x108


---------------  P R O C E S S  ---------------

Java Threads: ( => current thread )
  0x00007ffdf04d9000 JavaThread "pool-1-thread-1" [_thread_blocked, id=26506, stack(0x00007ffdec4cb000,0x00007ffdec5cc000)]
  0x00007ffdf00ab000 JavaThread "Service Thread" daemon [_thread_blocked, id=26498, stack(0x00007ffdeccfd000,0x00007ffdecdfe000)]
  0x00007ffdf00a9000 JavaThread "C2 CompilerThread1" daemon [_thread_blocked, id=26497, stack(0x00007ffdecdfe000,0x00007ffdeceff000)]
  0x00007ffdf00a6000 JavaThread "C2 CompilerThread0" daemon [_thread_blocked, id=26496, stack(0x00007ffdeceff000,0x00007ffded000000)]
  0x00007ffdc0001000 JavaThread "JDWP Command Reader" daemon [_thread_in_native, id=26492, stack(0x00007ffdf4094000,0x00007ffdf4195000)]
  0x00007ffdf00a3800 JavaThread "JDWP Event Helper Thread" daemon [_thread_blocked, id=26491, stack(0x00007ffdf4195000,0x00007ffdf4296000)]
=>0x00007ffdf00a0000 JavaThread "JDWP Transport Listener: dt_socket" daemon [_thread_in_vm, id=26488, stack(0x00007ffdf4296000,0x00007ffdf4397000)]
  0x00007ffdf0092800 JavaThread "Signal Dispatcher" daemon [_thread_blocked, id=26486, stack(0x00007ffdf459b000,0x00007ffdf469c000)]
  0x00007ffdf0072800 JavaThread "Finalizer" daemon [_thread_blocked, id=26485, stack(0x00007ffdf469c000,0x00007ffdf479d000)]
  0x00007ffdf0070800 JavaThread "Reference Handler" daemon [_thread_blocked, id=26484, stack(0x00007ffdf479d000,0x00007ffdf489e000)]
  0x00007ffdf000c800 JavaThread "main" [_thread_blocked, id=26476, stack(0x00007ffdf9c1f000,0x00007ffdf9d20000)]

Other Threads:
  0x00007ffdf006c000 VMThread [stack: 0x00007ffdf489e000,0x00007ffdf499f000] [id=26483]
  0x00007ffdf00be000 WatcherThread [stack: 0x00007ffdecbfc000,0x00007ffdeccfd000] [id=26499]

VM state:not at safepoint (normal execution)

VM Mutex/Monitor currently owned by a thread: None

Heap
 PSYoungGen      total 32768K, used 24658K [0x00000000ed100000, 0x00000000f1100000, 0x0000000100000000)
  eden space 30720K, 73% used [0x00000000ed100000,0x00000000ee716e20,0x00000000eef00000)
  from space 2048K, 99% used [0x00000000eef00000,0x00000000ef0fdc90,0x00000000ef100000)
  to   space 2048K, 0% used [0x00000000f0f00000,0x00000000f0f00000,0x00000000f1100000)
 ParOldGen       total 38400K, used 7605K [0x00000000c7400000, 0x00000000c9980000, 0x00000000ed100000)
  object space 38400K, 19% used [0x00000000c7400000,0x00000000c7b6d568,0x00000000c9980000)
 PSPermGen       total 23552K, used 23209K [0x00000000c2200000, 0x00000000c3900000, 0x00000000c7400000)
  object space 23552K, 98% used [0x00000000c2200000,0x00000000c38aa558,0x00000000c3900000)

Card table byte_map: [0x00007ffdf63a2000,0x00007ffdf6592000] byte_map_base: 0x00007ffdf5d91000

Polling page: 0x00007ffdf9d4a000

Code Cache  [0x00007ffded000000, 0x00007ffded270000, 0x00007ffdf0000000)
 total_blobs=577 nmethods=184 adapters=354 free_code_cache=48121Kb largest_free_block=49235456

Compilation events (10 events):
Event: 44,274 Thread 0x00007ffdf00a9000  187             sun.reflect.ClassFileAssembler::emitByte (11 bytes)
Event: 44,274 Thread 0x00007ffdf00a6000  188             sun.reflect.ByteVectorImpl::add (38 bytes)
Event: 44,277 Thread 0x00007ffdf00a6000 nmethod 188 0x00007ffded065110 code [0x00007ffded065260, 0x00007ffded065388]
Event: 44,277 Thread 0x00007ffdf00a9000 nmethod 187 0x00007ffded080950 code [0x00007ffded080ac0, 0x00007ffded080cc8]
Event: 44,279 Thread 0x00007ffdf00a6000  189             sun.reflect.ClassFileAssembler::emitConstantPoolUTF8 (50 bytes)
Event: 44,280 Thread 0x00007ffdf00a9000  190   !         sun.reflect.UTF8::encode (189 bytes)
Event: 44,295 Thread 0x00007ffdf00a9000 nmethod 190 0x00007ffded0fd510 code [0x00007ffded0fd680, 0x00007ffded0fdcb8]
Event: 44,295 Thread 0x00007ffdf00a9000  191             sun.reflect.UTF8::utf8Length (81 bytes)
Event: 44,297 Thread 0x00007ffdf00a6000 nmethod 189 0x00007ffded10a1d0 code [0x00007ffded10a3c0, 0x00007ffded10af50]
Event: 44,301 Thread 0x00007ffdf00a9000 nmethod 191 0x00007ffded108710 code [0x00007ffded108860, 0x00007ffded108ad8]

GC Heap History (6 events):
Event: 0,280 GC heap before
{Heap before GC invocations=1 (full 0):
 PSYoungGen      total 17408K, used 15348K [0x00000000ed100000, 0x00000000ee400000, 0x0000000100000000)
  eden space 15360K, 99% used [0x00000000ed100000,0x00000000edffd328,0x00000000ee000000)
  from space 2048K, 0% used [0x00000000ee200000,0x00000000ee200000,0x00000000ee400000)
  to   space 2048K, 0% used [0x00000000ee000000,0x00000000ee000000,0x00000000ee200000)
 ParOldGen       total 38400K, used 0K [0x00000000c7400000, 0x00000000c9980000, 0x00000000ed100000)
  object space 38400K, 0% used [0x00000000c7400000,0x00000000c7400000,0x00000000c9980000)
 PSPermGen       total 21504K, used 2667K [0x00000000c2200000, 0x00000000c3700000, 0x00000000c7400000)
  object space 21504K, 12% used [0x00000000c2200000,0x00000000c249afe8,0x00000000c3700000)
Event: 0,284 GC heap after
Heap after GC invocations=1 (full 0):
 PSYoungGen      total 17408K, used 602K [0x00000000ed100000, 0x00000000ef300000, 0x0000000100000000)
  eden space 15360K, 0% used [0x00000000ed100000,0x00000000ed100000,0x00000000ee000000)
  from space 2048K, 29% used [0x00000000ee000000,0x00000000ee096a30,0x00000000ee200000)
  to   space 2048K, 0% used [0x00000000ef100000,0x00000000ef100000,0x00000000ef300000)
 ParOldGen       total 38400K, used 0K [0x00000000c7400000, 0x00000000c9980000, 0x00000000ed100000)
  object space 38400K, 0% used [0x00000000c7400000,0x00000000c7400000,0x00000000c9980000)
 PSPermGen       total 21504K, used 2667K [0x00000000c2200000, 0x00000000c3700000, 0x00000000c7400000)
  object space 21504K, 12% used [0x00000000c2200000,0x00000000c249afe8,0x00000000c3700000)
}
Event: 1,112 GC heap before
{Heap before GC invocations=2 (full 0):
 PSYoungGen      total 17408K, used 15962K [0x00000000ed100000, 0x00000000ef300000, 0x0000000100000000)
  eden space 15360K, 100% used [0x00000000ed100000,0x00000000ee000000,0x00000000ee000000)
  from space 2048K, 29% used [0x00000000ee000000,0x00000000ee096a30,0x00000000ee200000)
  to   space 2048K, 0% used [0x00000000ef100000,0x00000000ef100000,0x00000000ef300000)
 ParOldGen       total 38400K, used 0K [0x00000000c7400000, 0x00000000c9980000, 0x00000000ed100000)
  object space 38400K, 0% used [0x00000000c7400000,0x00000000c7400000,0x00000000c9980000)
 PSPermGen       total 21504K, used 9107K [0x00000000c2200000, 0x00000000c3700000, 0x00000000c7400000)
  object space 21504K, 42% used [0x00000000c2200000,0x00000000c2ae4c88,0x00000000c3700000)
Event: 1,122 GC heap after
Heap after GC invocations=2 (full 0):
 PSYoungGen      total 32768K, used 2042K [0x00000000ed100000, 0x00000000ef300000, 0x0000000100000000)
  eden space 30720K, 0% used [0x00000000ed100000,0x00000000ed100000,0x00000000eef00000)
  from space 2048K, 99% used [0x00000000ef100000,0x00000000ef2fe830,0x00000000ef300000)
  to   space 2048K, 0% used [0x00000000eef00000,0x00000000eef00000,0x00000000ef100000)
 ParOldGen       total 38400K, used 1605K [0x00000000c7400000, 0x00000000c9980000, 0x00000000ed100000)
  object space 38400K, 4% used [0x00000000c7400000,0x00000000c7591420,0x00000000c9980000)
 PSPermGen       total 21504K, used 9107K [0x00000000c2200000, 0x00000000c3700000, 0x00000000c7400000)
  object space 21504K, 42% used [0x00000000c2200000,0x00000000c2ae4c88,0x00000000c3700000)
}
Event: 2,645 GC heap before
{Heap before GC invocations=3 (full 0):
 PSYoungGen      total 32768K, used 32762K [0x00000000ed100000, 0x00000000ef300000, 0x0000000100000000)
  eden space 30720K, 100% used [0x00000000ed100000,0x00000000eef00000,0x00000000eef00000)
  from space 2048K, 99% used [0x00000000ef100000,0x00000000ef2fe830,0x00000000ef300000)
  to   space 2048K, 0% used [0x00000000eef00000,0x00000000eef00000,0x00000000ef100000)
 ParOldGen       total 38400K, used 1605K [0x00000000c7400000, 0x00000000c9980000, 0x00000000ed100000)
  object space 38400K, 4% used [0x00000000c7400000,0x00000000c7591420,0x00000000c9980000)
 PSPermGen       total 21504K, used 19734K [0x00000000c2200000, 0x00000000c3700000, 0x00000000c7400000)
  object space 21504K, 91% used [0x00000000c2200000,0x00000000c3545a18,0x00000000c3700000)
Event: 2,661 GC heap after
Heap after GC invocations=3 (full 0):
 PSYoungGen      total 32768K, used 2039K [0x00000000ed100000, 0x00000000f1100000, 0x0000000100000000)
  eden space 30720K, 0% used [0x00000000ed100000,0x00000000ed100000,0x00000000eef00000)
  from space 2048K, 99% used [0x00000000eef00000,0x00000000ef0fdc90,0x00000000ef100000)
  to   space 2048K, 0% used [0x00000000f0f00000,0x00000000f0f00000,0x00000000f1100000)
 ParOldGen       total 38400K, used 7605K [0x00000000c7400000, 0x00000000c9980000, 0x00000000ed100000)
  object space 38400K, 19% used [0x00000000c7400000,0x00000000c7b6d568,0x00000000c9980000)
 PSPermGen       total 21504K, used 19734K [0x00000000c2200000, 0x00000000c3700000, 0x00000000c7400000)
  object space 21504K, 91% used [0x00000000c2200000,0x00000000c3545a18,0x00000000c3700000)
}

Deoptimization events (10 events):
Event: 0,863 Thread 0x00007ffdf000c800 Uncommon trap: reason=unstable_if action=reinterpret pc=0x00007ffded0808b0 method=com.sun.org.apache.xerces.internal.impl.XMLEntityScanner.scanName()Ljava/lang/String; @ 205
Event: 1,329 Thread 0x00007ffdf000c800 Uncommon trap: reason=unstable_if action=reinterpret pc=0x00007ffded0932f4 method=java.util.HashMap.getEntry(Ljava/lang/Object;)Ljava/util/HashMap$Entry; @ 10
Event: 1,340 Thread 0x00007ffdf000c800 Uncommon trap: reason=unstable_if action=reinterpret pc=0x00007ffded0988d8 method=java.lang.AbstractStringBuilder.append(Ljava/lang/String;)Ljava/lang/AbstractStringBuilder; @ 1
Event: 1,441 Thread 0x00007ffdf000c800 Uncommon trap: reason=unstable_if action=reinterpret pc=0x00007ffded07bc58 method=java.util.Properties$LineReader.readLine()I @ 166
Event: 1,477 Thread 0x00007ffdf000c800 Uncommon trap: reason=unstable_if action=reinterpret pc=0x00007ffded099104 method=java.lang.String.regionMatches(ILjava/lang/String;II)Z @ 84
Event: 1,560 Thread 0x00007ffdf000c800 Uncommon trap: reason=unstable_if action=reinterpret pc=0x00007ffded0be6d8 method=java.util.Properties$LineReader.readLine()I @ 424
Event: 2,383 Thread 0x00007ffdf000c800 Uncommon trap: reason=unstable_if action=reinterpret pc=0x00007ffded0c6534 method=java.util.HashMap.get(Ljava/lang/Object;)Ljava/lang/Object; @ 1
Event: 2,408 Thread 0x00007ffdf000c800 Uncommon trap: reason=unstable_if action=reinterpret pc=0x00007ffded06c8ac method=java.lang.String.replace(CC)Ljava/lang/String; @ 26
Event: 2,873 Thread 0x00007ffdf000c800 Uncommon trap: reason=unstable_if action=reinterpret pc=0x00007ffded0d6c4c method=java.lang.String.startsWith(Ljava/lang/String;I)Z @ 25
Event: 2,873 Thread 0x00007ffdf000c800 Uncommon trap: reason=unstable_if action=reinterpret pc=0x00007ffded06a610 method=java.lang.String.startsWith(Ljava/lang/String;I)Z @ 25

Internal exceptions (10 events):
Event: 44,263 Thread 0x00007ffdf000c800 Threw 0x00000000ee663680 at /HUDSON/workspace/7u-2-build-linux-amd64/jdk7u80/2329/hotspot/src/share/vm/prims/jvm.cpp:1319
Event: 44,264 Thread 0x00007ffdf000c800 Threw 0x00000000ee66f180 at /HUDSON/workspace/7u-2-build-linux-amd64/jdk7u80/2329/hotspot/src/share/vm/prims/jvm.cpp:1319
Event: 44,266 Thread 0x00007ffdf000c800 Threw 0x00000000ee683b28 at /HUDSON/workspace/7u-2-build-linux-amd64/jdk7u80/2329/hotspot/src/share/vm/prims/jvm.cpp:1319
Event: 44,266 Thread 0x00007ffdf000c800 Threw 0x00000000ee687b70 at /HUDSON/workspace/7u-2-build-linux-amd64/jdk7u80/2329/hotspot/src/share/vm/prims/jvm.cpp:1319
Event: 44,267 Thread 0x00007ffdf000c800 Threw 0x00000000ee68d0c0 at /HUDSON/workspace/7u-2-build-linux-amd64/jdk7u80/2329/hotspot/src/share/vm/prims/jvm.cpp:1319
Event: 44,268 Thread 0x00007ffdf000c800 Threw 0x00000000ee6990c8 at /HUDSON/workspace/7u-2-build-linux-amd64/jdk7u80/2329/hotspot/src/share/vm/prims/jvm.cpp:1319
Event: 44,269 Thread 0x00007ffdf000c800 Threw 0x00000000ee69dd98 at /HUDSON/workspace/7u-2-build-linux-amd64/jdk7u80/2329/hotspot/src/share/vm/prims/jvm.cpp:1319
Event: 44,270 Thread 0x00007ffdf000c800 Threw 0x00000000ee6a4cb8 at /HUDSON/workspace/7u-2-build-linux-amd64/jdk7u80/2329/hotspot/src/share/vm/prims/jvm.cpp:1319
Event: 44,291 Thread 0x00007ffdf000c800 Threw 0x00000000ee6d6a50 at /HUDSON/workspace/7u-2-build-linux-amd64/jdk7u80/2329/hotspot/src/share/vm/prims/jvm.cpp:1319
Event: 44,292 Thread 0x00007ffdf000c800 Threw 0x00000000ee6d9f70 at /HUDSON/workspace/7u-2-build-linux-amd64/jdk7u80/2329/hotspot/src/share/vm/prims/jvm.cpp:1319

Events (10 events):
Event: 473,549 Executing VM operation: GetCurrentLocation
Event: 473,549 Executing VM operation: GetCurrentLocation done
Event: 473,549 Executing VM operation: ChangeSingleStep
Event: 473,549 Executing VM operation: ChangeSingleStep done
Event: 473,550 Executing VM operation: ChangeSingleStep
Event: 473,550 Executing VM operation: ChangeSingleStep done
Event: 473,573 Executing VM operation: GetOrSetLocal
Event: 473,574 Executing VM operation: GetOrSetLocal done
Event: 473,577 Executing VM operation: GetOrSetLocal
Event: 473,577 Executing VM operation: GetOrSetLocal done


Dynamic libraries:
00400000-00401000 r-xp 00000000 fc:02 1449787                            /opt/jdk1.7.0_80/bin/java
00600000-00601000 rw-p 00000000 fc:02 1449787                            /opt/jdk1.7.0_80/bin/java
01602000-01623000 rw-p 00000000 00:00 0                                  [heap]
c2200000-c3900000 rw-p 00000000 00:00 0 
c3900000-c7400000 rw-p 00000000 00:00 0 
c7400000-c9980000 rw-p 00000000 00:00 0 
c9980000-ed100000 rw-p 00000000 00:00 0 
ed100000-f1100000 rw-p 00000000 00:00 0 
f1100000-100000000 rw-p 00000000 00:00 0 
7ffda8000000-7ffda8021000 rw-p 00000000 00:00 0 
7ffda8021000-7ffdac000000 ---p 00000000 00:00 0 
7ffdac000000-7ffdac021000 rw-p 00000000 00:00 0 
7ffdac021000-7ffdb0000000 ---p 00000000 00:00 0 
7ffdb0000000-7ffdb065c000 rw-p 00000000 00:00 0 
7ffdb065c000-7ffdb4000000 ---p 00000000 00:00 0 
7ffdb4000000-7ffdb4021000 rw-p 00000000 00:00 0 
7ffdb4021000-7ffdb8000000 ---p 00000000 00:00 0 
7ffdb8000000-7ffdb8021000 rw-p 00000000 00:00 0 
7ffdb8021000-7ffdbc000000 ---p 00000000 00:00 0 
7ffdbc000000-7ffdbc918000 rw-p 00000000 00:00 0 
7ffdbc918000-7ffdc0000000 ---p 00000000 00:00 0 
7ffdc0000000-7ffdc0265000 rw-p 00000000 00:00 0 
7ffdc0265000-7ffdc4000000 ---p 00000000 00:00 0 
7ffdc4000000-7ffdc4021000 rw-p 00000000 00:00 0 
7ffdc4021000-7ffdc8000000 ---p 00000000 00:00 0 
7ffdc8000000-7ffdc8021000 rw-p 00000000 00:00 0 
7ffdc8021000-7ffdcc000000 ---p 00000000 00:00 0 
7ffdcc000000-7ffdcc021000 rw-p 00000000 00:00 0 
7ffdcc021000-7ffdd0000000 ---p 00000000 00:00 0 
7ffdd0000000-7ffdd0021000 rw-p 00000000 00:00 0 
7ffdd0021000-7ffdd4000000 ---p 00000000 00:00 0 
7ffdd4000000-7ffdd4021000 rw-p 00000000 00:00 0 
7ffdd4021000-7ffdd8000000 ---p 00000000 00:00 0 
7ffdd8000000-7ffdd8021000 rw-p 00000000 00:00 0 
7ffdd8021000-7ffddc000000 ---p 00000000 00:00 0 
7ffddc000000-7ffddc021000 rw-p 00000000 00:00 0 
7ffddc021000-7ffde0000000 ---p 00000000 00:00 0 
7ffde0000000-7ffde0021000 rw-p 00000000 00:00 0 
7ffde0021000-7ffde4000000 ---p 00000000 00:00 0 
7ffde6110000-7ffde8000000 rw-p 00000000 00:00 0 
7ffde8000000-7ffde8021000 rw-p 00000000 00:00 0 
7ffde8021000-7ffdec000000 ---p 00000000 00:00 0 
7ffdec49e000-7ffdec4a5000 r--s 00000000 fc:02 2753410                    /usr/lib/x86_64-linux-gnu/gconv/gconv-modules.cache
7ffdec4a5000-7ffdec4cb000 r--p 00000000 fc:02 3022361                    /usr/share/locale-langpack/es/LC_MESSAGES/libc.mo
7ffdec4cb000-7ffdec4ce000 ---p 00000000 00:00 0 
7ffdec4ce000-7ffdec5cc000 rw-p 00000000 00:00 0                          [stack:26506]
7ffdec5cc000-7ffdec5d4000 r-xp 00000000 fc:02 1447751                    /opt/jdk1.7.0_80/jre/lib/amd64/libmanagement.so
7ffdec5d4000-7ffdec7d3000 ---p 00008000 fc:02 1447751                    /opt/jdk1.7.0_80/jre/lib/amd64/libmanagement.so
7ffdec7d3000-7ffdec7d4000 rw-p 00007000 fc:02 1447751                    /opt/jdk1.7.0_80/jre/lib/amd64/libmanagement.so
7ffdec7d4000-7ffdec7eb000 r-xp 00000000 fc:02 1447778                    /opt/jdk1.7.0_80/jre/lib/amd64/libnet.so
7ffdec7eb000-7ffdec9ea000 ---p 00017000 fc:02 1447778                    /opt/jdk1.7.0_80/jre/lib/amd64/libnet.so
7ffdec9ea000-7ffdec9eb000 rw-p 00016000 fc:02 1447778                    /opt/jdk1.7.0_80/jre/lib/amd64/libnet.so
7ffdec9eb000-7ffdec9fb000 r-xp 00000000 fc:02 1447743                    /opt/jdk1.7.0_80/jre/lib/amd64/libnio.so
7ffdec9fb000-7ffdecbfb000 ---p 00010000 fc:02 1447743                    /opt/jdk1.7.0_80/jre/lib/amd64/libnio.so
7ffdecbfb000-7ffdecbfc000 rw-p 00010000 fc:02 1447743                    /opt/jdk1.7.0_80/jre/lib/amd64/libnio.so
7ffdecbfc000-7ffdecbfd000 ---p 00000000 00:00 0 
7ffdecbfd000-7ffdeccfd000 rw-p 00000000 00:00 0                          [stack:26499]
7ffdeccfd000-7ffdecd00000 ---p 00000000 00:00 0 
7ffdecd00000-7ffdecdfe000 rw-p 00000000 00:00 0                          [stack:26498]
7ffdecdfe000-7ffdece01000 ---p 00000000 00:00 0 
7ffdece01000-7ffdeceff000 rw-p 00000000 00:00 0                          [stack:26497]
7ffdeceff000-7ffdecf02000 ---p 00000000 00:00 0 
7ffdecf02000-7ffded000000 rw-p 00000000 00:00 0                          [stack:26496]
7ffded000000-7ffded270000 rwxp 00000000 00:00 0 
7ffded270000-7ffdf0805000 rw-p 00000000 00:00 0 
7ffdf0805000-7ffdf4000000 ---p 00000000 00:00 0 
7ffdf4006000-7ffdf400a000 r--s 0008b000 fc:02 1317176                    /opt/jdk1.7.0_80/jre/lib/jsse.jar
7ffdf400a000-7ffdf4014000 r--s 00253000 fc:02 1317154                    /opt/jdk1.7.0_80/jre/lib/resources.jar
7ffdf4014000-7ffdf401e000 r--s 000a5000 fc:01 19267958                   /home/giovanton/Descargas/hibernate-release-4.3.10.Final/lib/required/javassist-3.18.1-GA.jar
7ffdf401e000-7ffdf407d000 r--s 004ab000 fc:01 19267960                   /home/giovanton/Descargas/hibernate-release-4.3.10.Final/lib/required/hibernate-core-4.3.10.Final.jar
7ffdf407d000-7ffdf4094000 r--s 00286000 fc:01 19137053                   /home/giovanton/Descargas/ojdbc6.jar
7ffdf4094000-7ffdf4097000 ---p 00000000 00:00 0 
7ffdf4097000-7ffdf4195000 rw-p 00000000 00:00 0                          [stack:26492]
7ffdf4195000-7ffdf4198000 ---p 00000000 00:00 0 
7ffdf4198000-7ffdf4296000 rw-p 00000000 00:00 0                          [stack:26491]
7ffdf4296000-7ffdf4299000 ---p 00000000 00:00 0 
7ffdf4299000-7ffdf4397000 rw-p 00000000 00:00 0                          [stack:26488]
7ffdf4397000-7ffdf439b000 r-xp 00000000 fc:02 1447792                    /opt/jdk1.7.0_80/jre/lib/amd64/libdt_socket.so
7ffdf439b000-7ffdf459a000 ---p 00004000 fc:02 1447792                    /opt/jdk1.7.0_80/jre/lib/amd64/libdt_socket.so
7ffdf459a000-7ffdf459b000 rw-p 00003000 fc:02 1447792                    /opt/jdk1.7.0_80/jre/lib/amd64/libdt_socket.so
7ffdf459b000-7ffdf459e000 ---p 00000000 00:00 0 
7ffdf459e000-7ffdf469c000 rw-p 00000000 00:00 0                          [stack:26486]
7ffdf469c000-7ffdf469f000 ---p 00000000 00:00 0 
7ffdf469f000-7ffdf479d000 rw-p 00000000 00:00 0                          [stack:26485]
7ffdf479d000-7ffdf47a0000 ---p 00000000 00:00 0 
7ffdf47a0000-7ffdf489e000 rw-p 00000000 00:00 0                          [stack:26484]
7ffdf489e000-7ffdf489f000 ---p 00000000 00:00 0 
7ffdf489f000-7ffdf599e000 rw-p 00000000 00:00 0                          [stack:26483]
7ffdf599e000-7ffdf5b5e000 r--s 039fb000 fc:02 1317181                    /opt/jdk1.7.0_80/jre/lib/rt.jar
7ffdf5b5e000-7ffdf5e46000 rw-p 00000000 00:00 0 
7ffdf5e46000-7ffdf5e47000 ---p 00000000 00:00 0 
7ffdf5e47000-7ffdf5f47000 rw-p 00000000 00:00 0                          [stack:26482]
7ffdf5f47000-7ffdf5f48000 ---p 00000000 00:00 0 
7ffdf5f48000-7ffdf6048000 rw-p 00000000 00:00 0                          [stack:26481]
7ffdf6048000-7ffdf6049000 ---p 00000000 00:00 0 
7ffdf6049000-7ffdf6149000 rw-p 00000000 00:00 0                          [stack:26480]
7ffdf6149000-7ffdf614a000 ---p 00000000 00:00 0 
7ffdf614a000-7ffdf6256000 rw-p 00000000 00:00 0                          [stack:26479]
7ffdf6256000-7ffdf6273000 rw-p 00000000 00:00 0 
7ffdf6273000-7ffdf6286000 rw-p 00000000 00:00 0 
7ffdf6286000-7ffdf63a2000 rw-p 00000000 00:00 0 
7ffdf63a2000-7ffdf63ae000 rw-p 00000000 00:00 0 
7ffdf63ae000-7ffdf63cb000 rw-p 00000000 00:00 0 
7ffdf63cb000-7ffdf63de000 rw-p 00000000 00:00 0 
7ffdf63de000-7ffdf64f9000 rw-p 00000000 00:00 0 
7ffdf64f9000-7ffdf651a000 rw-p 00000000 00:00 0 
7ffdf651a000-7ffdf6591000 rw-p 00000000 00:00 0 
7ffdf6591000-7ffdf6592000 rw-p 00000000 00:00 0 
7ffdf6592000-7ffdf65a9000 r-xp 00000000 fc:02 1447772                    /opt/jdk1.7.0_80/jre/lib/amd64/libzip.so
7ffdf65a9000-7ffdf67a9000 ---p 00017000 fc:02 1447772                    /opt/jdk1.7.0_80/jre/lib/amd64/libzip.so
7ffdf67a9000-7ffdf67aa000 rw-p 00017000 fc:02 1447772                    /opt/jdk1.7.0_80/jre/lib/amd64/libzip.so
7ffdf67aa000-7ffdf67b5000 r-xp 00000000 fc:02 2621648                    /lib/x86_64-linux-gnu/libnss_files-2.19.so
7ffdf67b5000-7ffdf69b4000 ---p 0000b000 fc:02 2621648                    /lib/x86_64-linux-gnu/libnss_files-2.19.so
7ffdf69b4000-7ffdf69b5000 r--p 0000a000 fc:02 2621648                    /lib/x86_64-linux-gnu/libnss_files-2.19.so
7ffdf69b5000-7ffdf69b6000 rw-p 0000b000 fc:02 2621648                    /lib/x86_64-linux-gnu/libnss_files-2.19.so
7ffdf69b6000-7ffdf69c1000 r-xp 00000000 fc:02 2621668                    /lib/x86_64-linux-gnu/libnss_nis-2.19.so
7ffdf69c1000-7ffdf6bc0000 ---p 0000b000 fc:02 2621668                    /lib/x86_64-linux-gnu/libnss_nis-2.19.so
7ffdf6bc0000-7ffdf6bc1000 r--p 0000a000 fc:02 2621668                    /lib/x86_64-linux-gnu/libnss_nis-2.19.so
7ffdf6bc1000-7ffdf6bc2000 rw-p 0000b000 fc:02 2621668                    /lib/x86_64-linux-gnu/libnss_nis-2.19.so
7ffdf6bc2000-7ffdf6bd9000 r-xp 00000000 fc:02 2621657                    /lib/x86_64-linux-gnu/libnsl-2.19.so
7ffdf6bd9000-7ffdf6dd8000 ---p 00017000 fc:02 2621657                    /lib/x86_64-linux-gnu/libnsl-2.19.so
7ffdf6dd8000-7ffdf6dd9000 r--p 00016000 fc:02 2621657                    /lib/x86_64-linux-gnu/libnsl-2.19.so
7ffdf6dd9000-7ffdf6dda000 rw-p 00017000 fc:02 2621657                    /lib/x86_64-linux-gnu/libnsl-2.19.so
7ffdf6dda000-7ffdf6ddc000 rw-p 00000000 00:00 0 
7ffdf6ddc000-7ffdf6de5000 r-xp 00000000 fc:02 2621656                    /lib/x86_64-linux-gnu/libnss_compat-2.19.so
7ffdf6de5000-7ffdf6fe4000 ---p 00009000 fc:02 2621656                    /lib/x86_64-linux-gnu/libnss_compat-2.19.so
7ffdf6fe4000-7ffdf6fe5000 r--p 00008000 fc:02 2621656                    /lib/x86_64-linux-gnu/libnss_compat-2.19.so
7ffdf6fe5000-7ffdf6fe6000 rw-p 00009000 fc:02 2621656                    /lib/x86_64-linux-gnu/libnss_compat-2.19.so
7ffdf6fe6000-7ffdf7530000 r--p 00000000 fc:02 2235478                    /usr/lib/locale/locale-archive
7ffdf7530000-7ffdf7532000 r-xp 00000000 fc:02 1447797                    /opt/jdk1.7.0_80/jre/lib/amd64/libnpt.so
7ffdf7532000-7ffdf7732000 ---p 00002000 fc:02 1447797                    /opt/jdk1.7.0_80/jre/lib/amd64/libnpt.so
7ffdf7732000-7ffdf7733000 rw-p 00002000 fc:02 1447797                    /opt/jdk1.7.0_80/jre/lib/amd64/libnpt.so
7ffdf7733000-7ffdf776c000 r-xp 00000000 fc:02 1447745                    /opt/jdk1.7.0_80/jre/lib/amd64/libjdwp.so
7ffdf776c000-7ffdf796c000 ---p 00039000 fc:02 1447745                    /opt/jdk1.7.0_80/jre/lib/amd64/libjdwp.so
7ffdf796c000-7ffdf796d000 rw-p 00039000 fc:02 1447745                    /opt/jdk1.7.0_80/jre/lib/amd64/libjdwp.so
7ffdf796d000-7ffdf796e000 rw-p 00000000 00:00 0 
7ffdf796e000-7ffdf7997000 r-xp 00000000 fc:02 1447738                    /opt/jdk1.7.0_80/jre/lib/amd64/libjava.so
7ffdf7997000-7ffdf7b97000 ---p 00029000 fc:02 1447738                    /opt/jdk1.7.0_80/jre/lib/amd64/libjava.so
7ffdf7b97000-7ffdf7b99000 rw-p 00029000 fc:02 1447738                    /opt/jdk1.7.0_80/jre/lib/amd64/libjava.so
7ffdf7b99000-7ffdf7ba6000 r-xp 00000000 fc:02 1447765                    /opt/jdk1.7.0_80/jre/lib/amd64/libverify.so
7ffdf7ba6000-7ffdf7da5000 ---p 0000d000 fc:02 1447765                    /opt/jdk1.7.0_80/jre/lib/amd64/libverify.so
7ffdf7da5000-7ffdf7da7000 rw-p 0000c000 fc:02 1447765                    /opt/jdk1.7.0_80/jre/lib/amd64/libverify.so
7ffdf7da7000-7ffdf7dae000 r-xp 00000000 fc:02 2621665                    /lib/x86_64-linux-gnu/librt-2.19.so
7ffdf7dae000-7ffdf7fad000 ---p 00007000 fc:02 2621665                    /lib/x86_64-linux-gnu/librt-2.19.so
7ffdf7fad000-7ffdf7fae000 r--p 00006000 fc:02 2621665                    /lib/x86_64-linux-gnu/librt-2.19.so
7ffdf7fae000-7ffdf7faf000 rw-p 00007000 fc:02 2621665                    /lib/x86_64-linux-gnu/librt-2.19.so
7ffdf7faf000-7ffdf80b4000 r-xp 00000000 fc:02 2621647                    /lib/x86_64-linux-gnu/libm-2.19.so
7ffdf80b4000-7ffdf82b3000 ---p 00105000 fc:02 2621647                    /lib/x86_64-linux-gnu/libm-2.19.so
7ffdf82b3000-7ffdf82b4000 r--p 00104000 fc:02 2621647                    /lib/x86_64-linux-gnu/libm-2.19.so
7ffdf82b4000-7ffdf82b5000 rw-p 00105000 fc:02 2621647                    /lib/x86_64-linux-gnu/libm-2.19.so
7ffdf82b5000-7ffdf8e2b000 r-xp 00000000 fc:02 1447795                    /opt/jdk1.7.0_80/jre/lib/amd64/server/libjvm.so
7ffdf8e2b000-7ffdf902a000 ---p 00b76000 fc:02 1447795                    /opt/jdk1.7.0_80/jre/lib/amd64/server/libjvm.so
7ffdf902a000-7ffdf90ee000 rw-p 00b75000 fc:02 1447795                    /opt/jdk1.7.0_80/jre/lib/amd64/server/libjvm.so
7ffdf90ee000-7ffdf912f000 rw-p 00000000 00:00 0 
7ffdf912f000-7ffdf92ea000 r-xp 00000000 fc:02 2621662                    /lib/x86_64-linux-gnu/libc-2.19.so
7ffdf92ea000-7ffdf94e9000 ---p 001bb000 fc:02 2621662                    /lib/x86_64-linux-gnu/libc-2.19.so
7ffdf94e9000-7ffdf94ed000 r--p 001ba000 fc:02 2621662                    /lib/x86_64-linux-gnu/libc-2.19.so
7ffdf94ed000-7ffdf94ef000 rw-p 001be000 fc:02 2621662                    /lib/x86_64-linux-gnu/libc-2.19.so
7ffdf94ef000-7ffdf94f4000 rw-p 00000000 00:00 0 
7ffdf94f4000-7ffdf94f7000 r-xp 00000000 fc:02 2621651                    /lib/x86_64-linux-gnu/libdl-2.19.so
7ffdf94f7000-7ffdf96f6000 ---p 00003000 fc:02 2621651                    /lib/x86_64-linux-gnu/libdl-2.19.so
7ffdf96f6000-7ffdf96f7000 r--p 00002000 fc:02 2621651                    /lib/x86_64-linux-gnu/libdl-2.19.so
7ffdf96f7000-7ffdf96f8000 rw-p 00003000 fc:02 2621651                    /lib/x86_64-linux-gnu/libdl-2.19.so
7ffdf96f8000-7ffdf970d000 r-xp 00000000 fc:02 1448508                    /opt/jdk1.7.0_80/lib/amd64/jli/libjli.so
7ffdf970d000-7ffdf990c000 ---p 00015000 fc:02 1448508                    /opt/jdk1.7.0_80/lib/amd64/jli/libjli.so
7ffdf990c000-7ffdf990d000 rw-p 00014000 fc:02 1448508                    /opt/jdk1.7.0_80/lib/amd64/jli/libjli.so
7ffdf990d000-7ffdf9926000 r-xp 00000000 fc:02 2621663                    /lib/x86_64-linux-gnu/libpthread-2.19.so
7ffdf9926000-7ffdf9b25000 ---p 00019000 fc:02 2621663                    /lib/x86_64-linux-gnu/libpthread-2.19.so
7ffdf9b25000-7ffdf9b26000 r--p 00018000 fc:02 2621663                    /lib/x86_64-linux-gnu/libpthread-2.19.so
7ffdf9b26000-7ffdf9b27000 rw-p 00019000 fc:02 2621663                    /lib/x86_64-linux-gnu/libpthread-2.19.so
7ffdf9b27000-7ffdf9b2b000 rw-p 00000000 00:00 0 
7ffdf9b2b000-7ffdf9b4e000 r-xp 00000000 fc:02 2621659                    /lib/x86_64-linux-gnu/ld-2.19.so
7ffdf9b4e000-7ffdf9b50000 rw-p 00000000 00:00 0 
7ffdf9b50000-7ffdf9b51000 r--s 00006000 fc:01 19267954                   /home/giovanton/Descargas/hibernate-release-4.3.10.Final/lib/required/jboss-transaction-api_1.2_spec-1.0.0.Final.jar
7ffdf9b51000-7ffdf9b53000 r--s 0000c000 fc:01 19267952                   /home/giovanton/Descargas/hibernate-release-4.3.10.Final/lib/required/jboss-logging-3.1.3.GA.jar
7ffdf9b53000-7ffdf9b55000 r--s 00011000 fc:01 19267959                   /home/giovanton/Descargas/hibernate-release-4.3.10.Final/lib/required/jandex-1.1.0.Final.jar
7ffdf9b55000-7ffdf9b5a000 r--s 00017000 fc:01 19267957                   /home/giovanton/Descargas/hibernate-release-4.3.10.Final/lib/required/hibernate-jpa-2.1-api-1.0.0.Final.jar
7ffdf9b5a000-7ffdf9b5f000 r--s 00048000 fc:01 19267955                   /home/giovanton/Descargas/hibernate-release-4.3.10.Final/lib/required/dom4j-1.6.1.jar
7ffdf9b5f000-7ffdf9b69000 rw-p 00000000 00:00 0 
7ffdf9b69000-7ffdf9c1f000 rw-p 00000000 00:00 0 
7ffdf9c1f000-7ffdf9c22000 ---p 00000000 00:00 0 
7ffdf9c22000-7ffdf9d24000 rw-p 00000000 00:00 0                          [stack:26476]
7ffdf9d24000-7ffdf9d25000 r--s 00002000 fc:01 19267953                   /home/giovanton/Descargas/hibernate-release-4.3.10.Final/lib/required/jboss-logging-annotations-1.2.0.Beta1.jar
7ffdf9d25000-7ffdf9d28000 r--s 00010000 fc:01 19267956                   /home/giovanton/Descargas/hibernate-release-4.3.10.Final/lib/required/hibernate-commons-annotations-4.0.5.Final.jar
7ffdf9d28000-7ffdf9d2d000 r--s 00068000 fc:01 19267951                   /home/giovanton/Descargas/hibernate-release-4.3.10.Final/lib/required/antlr-2.7.7.jar
7ffdf9d2d000-7ffdf9d41000 rw-p 00000000 00:00 0 
7ffdf9d41000-7ffdf9d49000 rw-s 00000000 fc:02 1050256                    /tmp/hsperfdata_giovanton/26470
7ffdf9d49000-7ffdf9d4a000 rw-p 00000000 00:00 0 
7ffdf9d4a000-7ffdf9d4b000 r--p 00000000 00:00 0 
7ffdf9d4b000-7ffdf9d4d000 rw-p 00000000 00:00 0 
7ffdf9d4d000-7ffdf9d4e000 r--p 00022000 fc:02 2621659                    /lib/x86_64-linux-gnu/ld-2.19.so
7ffdf9d4e000-7ffdf9d4f000 rw-p 00023000 fc:02 2621659                    /lib/x86_64-linux-gnu/ld-2.19.so
7ffdf9d4f000-7ffdf9d50000 rw-p 00000000 00:00 0 
7fff2b81d000-7fff2b83e000 rw-p 00000000 00:00 0                          [stack]
7fff2b8b0000-7fff2b8b2000 r-xp 00000000 00:00 0                          [vdso]
ffffffffff600000-ffffffffff601000 r-xp 00000000 00:00 0                  [vsyscall]

VM Arguments:
jvm_args: -agentlib:jdwp=transport=dt_socket,suspend=y,address=localhost:22781 -Dfile.encoding=UTF-8 
java_command: MainSubidaSueldo
Launcher Type: SUN_STANDARD

Environment Variables:
PATH=/usr/local/sbin:/usr/local/bin:/usr/sbin:/usr/bin:/sbin:/bin:/usr/games:/usr/local/games:/opt/eclipse:/opt/jdk1.8.0_31
USERNAME=giovanton
SHELL=/bin/bash
DISPLAY=:0

Signal Handlers:
SIGSEGV: [libjvm.so+0x9a3b20], sa_mask[0]=0x7ffbfeff, sa_flags=0x10000004
SIGBUS: [libjvm.so+0x9a3b20], sa_mask[0]=0x7ffbfeff, sa_flags=0x10000004
SIGFPE: [libjvm.so+0x81e740], sa_mask[0]=0x7ffbfeff, sa_flags=0x10000004
SIGPIPE: [libjvm.so+0x81e740], sa_mask[0]=0x7ffbfeff, sa_flags=0x10000004
SIGXFSZ: [libjvm.so+0x81e740], sa_mask[0]=0x7ffbfeff, sa_flags=0x10000004
SIGILL: [libjvm.so+0x81e740], sa_mask[0]=0x7ffbfeff, sa_flags=0x10000004
SIGUSR1: SIG_DFL, sa_mask[0]=0x00000000, sa_flags=0x00000000
SIGUSR2: [libjvm.so+0x81ffb0], sa_mask[0]=0x00000004, sa_flags=0x10000004
SIGHUP: [libjvm.so+0x8210d0], sa_mask[0]=0x7ffbfeff, sa_flags=0x10000004
SIGINT: [libjvm.so+0x8210d0], sa_mask[0]=0x7ffbfeff, sa_flags=0x10000004
SIGTERM: [libjvm.so+0x8210d0], sa_mask[0]=0x7ffbfeff, sa_flags=0x10000004
SIGQUIT: [libjvm.so+0x8210d0], sa_mask[0]=0x7ffbfeff, sa_flags=0x10000004


---------------  S Y S T E M  ---------------

OS:jessie/sid

uname:Linux 3.13.0-37-generic #64-Ubuntu SMP Mon Sep 22 21:28:38 UTC 2014 x86_64
libc:glibc 2.19 NPTL 2.19 
rlimit: STACK 8192k, CORE 0k, NPROC 28776, NOFILE 4096, AS infinity
load average:1,15 0,59 0,53

/proc/meminfo:
MemTotal:        3714900 kB
MemFree:          157692 kB
Buffers:            1952 kB
Cached:           488804 kB
SwapCached:        42908 kB
Active:          2426020 kB
Inactive:         870860 kB
Active(anon):    2271284 kB
Inactive(anon):   790436 kB
Active(file):     154736 kB
Inactive(file):    80424 kB
Unevictable:           0 kB
Mlocked:               0 kB
SwapTotal:       5799932 kB
SwapFree:        5417620 kB
Dirty:                 0 kB
Writeback:             0 kB
AnonPages:       2764816 kB
Mapped:           211044 kB
Shmem:            255432 kB
Slab:             114744 kB
SReclaimable:      78296 kB
SUnreclaim:        36448 kB
KernelStack:        6792 kB
PageTables:        59132 kB
NFS_Unstable:          0 kB
Bounce:                0 kB
WritebackTmp:          0 kB
CommitLimit:     7657380 kB
Committed_AS:    7674568 kB
VmallocTotal:   34359738367 kB
VmallocUsed:      551160 kB
VmallocChunk:   34359180156 kB
HardwareCorrupted:     0 kB
AnonHugePages:   1306624 kB
HugePages_Total:       0
HugePages_Free:        0
HugePages_Rsvd:        0
HugePages_Surp:        0
Hugepagesize:       2048 kB
DirectMap4k:      164964 kB
DirectMap2M:     3692544 kB


CPU:total 4 (2 cores per cpu, 2 threads per core) family 6 model 37 stepping 5, cmov, cx8, fxsr, mmx, sse, sse2, sse3, ssse3, sse4.1, sse4.2, popcnt, ht, tsc, tscinvbit

/proc/cpuinfo:
processor	: 0
vendor_id	: GenuineIntel
cpu family	: 6
model		: 37
model name	: Intel(R) Core(TM) i3 CPU       M 380  @ 2.53GHz
stepping	: 5
microcode	: 0x2
cpu MHz		: 2533.000
cache size	: 3072 KB
physical id	: 0
siblings	: 4
core id		: 0
cpu cores	: 2
apicid		: 0
initial apicid	: 0
fpu		: yes
fpu_exception	: yes
cpuid level	: 11
wp		: yes
flags		: fpu vme de pse tsc msr pae mce cx8 apic sep mtrr pge mca cmov pat pse36 clflush dts acpi mmx fxsr sse sse2 ss ht tm pbe syscall nx rdtscp lm constant_tsc arch_perfmon pebs bts rep_good nopl xtopology nonstop_tsc aperfmperf pni dtes64 monitor ds_cpl vmx est tm2 ssse3 cx16 xtpr pdcm pcid sse4_1 sse4_2 popcnt lahf_lm arat dtherm tpr_shadow vnmi flexpriority ept vpid
bogomips	: 5053.95
clflush size	: 64
cache_alignment	: 64
address sizes	: 36 bits physical, 48 bits virtual
power management:

processor	: 1
vendor_id	: GenuineIntel
cpu family	: 6
model		: 37
model name	: Intel(R) Core(TM) i3 CPU       M 380  @ 2.53GHz
stepping	: 5
microcode	: 0x2
cpu MHz		: 933.000
cache size	: 3072 KB
physical id	: 0
siblings	: 4
core id		: 0
cpu cores	: 2
apicid		: 1
initial apicid	: 1
fpu		: yes
fpu_exception	: yes
cpuid level	: 11
wp		: yes
flags		: fpu vme de pse tsc msr pae mce cx8 apic sep mtrr pge mca cmov pat pse36 clflush dts acpi mmx fxsr sse sse2 ss ht tm pbe syscall nx rdtscp lm constant_tsc arch_perfmon pebs bts rep_good nopl xtopology nonstop_tsc aperfmperf pni dtes64 monitor ds_cpl vmx est tm2 ssse3 cx16 xtpr pdcm pcid sse4_1 sse4_2 popcnt lahf_lm arat dtherm tpr_shadow vnmi flexpriority ept vpid
bogomips	: 5053.95
clflush size	: 64
cache_alignment	: 64
address sizes	: 36 bits physical, 48 bits virtual
power management:

processor	: 2
vendor_id	: GenuineIntel
cpu family	: 6
model		: 37
model name	: Intel(R) Core(TM) i3 CPU       M 380  @ 2.53GHz
stepping	: 5
microcode	: 0x2
cpu MHz		: 1466.000
cache size	: 3072 KB
physical id	: 0
siblings	: 4
core id		: 2
cpu cores	: 2
apicid		: 4
initial apicid	: 4
fpu		: yes
fpu_exception	: yes
cpuid level	: 11
wp		: yes
flags		: fpu vme de pse tsc msr pae mce cx8 apic sep mtrr pge mca cmov pat pse36 clflush dts acpi mmx fxsr sse sse2 ss ht tm pbe syscall nx rdtscp lm constant_tsc arch_perfmon pebs bts rep_good nopl xtopology nonstop_tsc aperfmperf pni dtes64 monitor ds_cpl vmx est tm2 ssse3 cx16 xtpr pdcm pcid sse4_1 sse4_2 popcnt lahf_lm arat dtherm tpr_shadow vnmi flexpriority ept vpid
bogomips	: 5053.95
clflush size	: 64
cache_alignment	: 64
address sizes	: 36 bits physical, 48 bits virtual
power management:

processor	: 3
vendor_id	: GenuineIntel
cpu family	: 6
model		: 37
model name	: Intel(R) Core(TM) i3 CPU       M 380  @ 2.53GHz
stepping	: 5
microcode	: 0x2
cpu MHz		: 933.000
cache size	: 3072 KB
physical id	: 0
siblings	: 4
core id		: 2
cpu cores	: 2
apicid		: 5
initial apicid	: 5
fpu		: yes
fpu_exception	: yes
cpuid level	: 11
wp		: yes
flags		: fpu vme de pse tsc msr pae mce cx8 apic sep mtrr pge mca cmov pat pse36 clflush dts acpi mmx fxsr sse sse2 ss ht tm pbe syscall nx rdtscp lm constant_tsc arch_perfmon pebs bts rep_good nopl xtopology nonstop_tsc aperfmperf pni dtes64 monitor ds_cpl vmx est tm2 ssse3 cx16 xtpr pdcm pcid sse4_1 sse4_2 popcnt lahf_lm arat dtherm tpr_shadow vnmi flexpriority ept vpid
bogomips	: 5053.95
clflush size	: 64
cache_alignment	: 64
address sizes	: 36 bits physical, 48 bits virtual
power management:



Memory: 4k page, physical 3714900k(157692k free), swap 5799932k(5417620k free)

vm_info: Java HotSpot(TM) 64-Bit Server VM (24.80-b11) for linux-amd64 JRE (1.7.0_80-b15), built on Apr 10 2015 19:53:14 by "java_re" with gcc 4.3.0 20080428 (Red Hat 4.3.0-8)

time: Wed Jun 10 18:09:45 2015
elapsed time: 473 seconds

