#
# A fatal error has been detected by the Java Runtime Environment:
#
#  SIGSEGV (0xb) at pc=0x00007f0e7cf08c19, pid=23231, tid=139699777664768
#
# JRE version: Java(TM) SE Runtime Environment (7.0_80-b15) (build 1.7.0_80-b15)
# Java VM: Java HotSpot(TM) 64-Bit Server VM (24.80-b11 mixed mode linux-amd64 compressed oops)
# Problematic frame:
# V  [libjvm.so+0x605c19]  java_lang_String::utf8_length(oopDesc*)+0xd9
#
# Failed to write core dump. Core dumps have been disabled. To enable core dumping, try "ulimit -c unlimited" before starting Java again
#
# If you would like to submit a bug report, please visit:
#   http://bugreport.java.com/bugreport/crash.jsp
#

---------------  T H R E A D  ---------------

Current thread (0x00007f0e780a0000):  JavaThread "JDWP Transport Listener: dt_socket" daemon [_thread_in_vm, id=23249, stack(0x00007f0e638f7000,0x00007f0e639f8000)]

siginfo:si_signo=SIGSEGV: si_errno=0, si_code=1 (SEGV_MAPERR), si_addr=0x000000000000000c

Registers:
RAX=0x000000000000000c, RBX=0x00007f0e78085ac0, RCX=0x0000000000000000, RDX=0x0000000000000000
RSP=0x00007f0e639f6710, RBP=0x00007f0e639f6720, RSI=0x000000000000000c, RDI=0x00000000ed129410
R8 =0x0000000000000000, R9 =0x0000000000000001, R10=0x0000000000000000, R11=0x00007f0e7cf52e00
R12=0x0000000000000000, R13=0x00007f0e780a0000, R14=0x00007f0e639f6810, R15=0x0000000000000000
RIP=0x00007f0e7cf08c19, EFLAGS=0x0000000000010246, CSGSFS=0x5b01000000000033, ERR=0x0000000000000004
  TRAPNO=0x000000000000000e

Top of Stack: (sp=0x00007f0e639f6710)
0x00007f0e639f6710:   00007f0e78085ac0 00000000ed129410
0x00007f0e639f6720:   00007f0e639f6790 00007f0e7cf5afeb
0x00007f0e639f6730:   00007f0e780a0000 0000000000000000
0x00007f0e639f6740:   00007f0e639f6790 00007f0e77bc0f92
0x00007f0e639f6750:   00007f0e780a0000 000000000000000a
0x00007f0e639f6760:   00007f0e639f6790 00007f0e639f69a0
0x00007f0e639f6770:   00007f0e780a01e8 00007f0e78085ac0
0x00007f0e639f6780:   00007f0e639f6810 00007f0e77dd4120
0x00007f0e639f6790:   00007f0e639f67d0 00007f0e77ba33b2
0x00007f0e639f67a0:   0000000000009eab 000000000000000a
0x00007f0e639f67b0:   0000000000000001 000000000000000a
0x00007f0e639f67c0:   0000000000010a00 0000000000000001
0x00007f0e639f67d0:   00007f0e639f6a20 00007f0e77bab976
0x00007f0e639f67e0:   00009eab00000013 00007f0e7c010a00
0x00007f0e639f67f0:   00007f0e44000fd0 00007f0e780a0000
0x00007f0e639f6800:   00007f0e639f6810 00007f0e639f69a0
0x00007f0e639f6810:   00007f0e639f6860 00007f0e0000012c
0x00007f0e639f6820:   00007f0e639f6828 0000000000000000
0x00007f0e639f6830:   00007f0e639f6860 0000000000000000
0x00007f0e639f6840:   0000000000000000 00009eab00000018
0x00007f0e639f6850:   00007f0e00006880 00007f0e639f6860
0x00007f0e639f6860:   0000005b01000000 00004ca100000000
0x00007f0e639f6870:   7f00810000000000 000000684a004c0e
0x00007f0e639f6880:   0000000900000000 00000101004b0500
0x00007f0e639f6890:   00006d0000000000 0000f84c004c0e7f
0x00007f0e639f68a0:   0000790000000000 000102004b050000
0x00007f0e639f68b0:   009c000000000000 00f8bf07780e7f00
0x00007f0e639f68c0:   0008000000000000 0103004b05000000
0x00007f0e639f68d0:   9c00000000000000 b833014c0e7f0000
0x00007f0e639f68e0:   0100000000000000 04004b0500000000
0x00007f0e639f68f0:   0000000000000001 33014c0e7f00009e
0x00007f0e639f6900:   ffffffffffffffc8 004b0500000000ff 

Instructions: (pc=0x00007f0e7cf08c19)
0x00007f0e7cf08bf9:   08 48 d3 e2 48 03 10 b8 0c 00 00 00 eb 12 66 0f
0x00007f0e7cf08c09:   1f 84 00 00 00 00 00 48 8b 14 37 b8 10 00 00 00
0x00007f0e7cf08c19:   8b 1c 02 e9 6b ff ff ff 90 66 66 66 66 66 2e 0f
0x00007f0e7cf08c29:   1f 84 00 00 00 00 00 55 48 8b 05 60 67 80 00 48 

Register to memory mapping:

RAX=0x000000000000000c is an unknown value
RBX=0x00007f0e78085ac0 is a global jni handle
RCX=0x0000000000000000 is an unknown value
RDX=0x0000000000000000 is an unknown value
RSP=0x00007f0e639f6710 is pointing into the stack for thread: 0x00007f0e780a0000
RBP=0x00007f0e639f6720 is pointing into the stack for thread: 0x00007f0e780a0000
RSI=0x000000000000000c is an unknown value
RDI=0x00000000ed129410 is an oop
java.lang.String 
 - klass: 'java/lang/String'
R8 =0x0000000000000000 is an unknown value
R9 =0x0000000000000001 is an unknown value
R10=0x0000000000000000 is an unknown value
R11=0x00007f0e7cf52e00: <offset 0x64fe00> in /opt/jdk1.7.0_80/jre/lib/amd64/server/libjvm.so at 0x00007f0e7c903000
R12=0x0000000000000000 is an unknown value
R13=0x00007f0e780a0000 is a thread
R14=0x00007f0e639f6810 is pointing into the stack for thread: 0x00007f0e780a0000
R15=0x0000000000000000 is an unknown value


Stack: [0x00007f0e638f7000,0x00007f0e639f8000],  sp=0x00007f0e639f6710,  free space=1021k
Native frames: (J=compiled Java code, j=interpreted, Vv=VM code, C=native code)
V  [libjvm.so+0x605c19]  java_lang_String::utf8_length(oopDesc*)+0xd9
V  [libjvm.so+0x657feb]  jni_GetStringUTFChars+0xab
C  [libjdwp.so+0x93b2]  value+0x92
C  [libjdwp.so+0x11976]  debugLoop_run+0x2b6
C  [libjdwp.so+0x243af]  attachThread+0x2f
V  [libjvm.so+0x6ffad7]  JvmtiAgentThread::call_start_function()+0x97
V  [libjvm.so+0x95bfff]  JavaThread::thread_main_inner()+0xdf
V  [libjvm.so+0x95c105]  JavaThread::run()+0xf5
V  [libjvm.so+0x8238c8]  java_start(Thread*)+0x108


---------------  P R O C E S S  ---------------

Java Threads: ( => current thread )
  0x00007f0e784c0800 JavaThread "pool-1-thread-1" [_thread_blocked, id=23263, stack(0x00007f0e62bc0000,0x00007f0e62cc1000)]
  0x00007f0e780ab000 JavaThread "Service Thread" daemon [_thread_blocked, id=23257, stack(0x00007f0e633f2000,0x00007f0e634f3000)]
  0x00007f0e780a9000 JavaThread "C2 CompilerThread1" daemon [_thread_blocked, id=23256, stack(0x00007f0e634f3000,0x00007f0e635f4000)]
  0x00007f0e780a6000 JavaThread "C2 CompilerThread0" daemon [_thread_blocked, id=23255, stack(0x00007f0e635f4000,0x00007f0e636f5000)]
  0x00007f0e4c001000 JavaThread "JDWP Command Reader" daemon [_thread_in_native, id=23251, stack(0x00007f0e636f5000,0x00007f0e637f6000)]
  0x00007f0e780a3800 JavaThread "JDWP Event Helper Thread" daemon [_thread_blocked, id=23250, stack(0x00007f0e637f6000,0x00007f0e638f7000)]
=>0x00007f0e780a0000 JavaThread "JDWP Transport Listener: dt_socket" daemon [_thread_in_vm, id=23249, stack(0x00007f0e638f7000,0x00007f0e639f8000)]
  0x00007f0e78092800 JavaThread "Signal Dispatcher" daemon [_thread_blocked, id=23247, stack(0x00007f0e63bfc000,0x00007f0e63cfd000)]
  0x00007f0e78072800 JavaThread "Finalizer" daemon [_thread_blocked, id=23246, stack(0x00007f0e63cfd000,0x00007f0e63dfe000)]
  0x00007f0e78070800 JavaThread "Reference Handler" daemon [_thread_blocked, id=23245, stack(0x00007f0e63dfe000,0x00007f0e63eff000)]
  0x00007f0e7800c800 JavaThread "main" [_thread_blocked, id=23239, stack(0x00007f0e7e26d000,0x00007f0e7e36e000)]

Other Threads:
  0x00007f0e7806c000 VMThread [stack: 0x00007f0e63eff000,0x00007f0e64000000] [id=23244]
  0x00007f0e780b6000 WatcherThread [stack: 0x00007f0e632f1000,0x00007f0e633f2000] [id=23258]

VM state:not at safepoint (normal execution)

VM Mutex/Monitor currently owned by a thread: None

Heap
 PSYoungGen      total 17408K, used 2297K [0x00000000ed100000, 0x00000000efd00000, 0x0000000100000000)
  eden space 15360K, 1% used [0x00000000ed100000,0x00000000ed144918,0x00000000ee000000)
  from space 2048K, 98% used [0x00000000ee000000,0x00000000ee1f9ca0,0x00000000ee200000)
  to   space 7168K, 0% used [0x00000000ef600000,0x00000000ef600000,0x00000000efd00000)
 ParOldGen       total 38400K, used 9901K [0x00000000c7400000, 0x00000000c9980000, 0x00000000ed100000)
  object space 38400K, 25% used [0x00000000c7400000,0x00000000c7dab6f0,0x00000000c9980000)
 PSPermGen       total 22016K, used 21905K [0x00000000c2200000, 0x00000000c3780000, 0x00000000c7400000)
  object space 22016K, 99% used [0x00000000c2200000,0x00000000c3764530,0x00000000c3780000)

Card table byte_map: [0x00007f0e73809000,0x00007f0e739f9000] byte_map_base: 0x00007f0e731f8000

Polling page: 0x00007f0e7e398000

Code Cache  [0x00007f0e739f9000, 0x00007f0e73c69000, 0x00007f0e769f9000)
 total_blobs=555 nmethods=177 adapters=339 free_code_cache=48172Kb largest_free_block=49311872

Compilation events (10 events):
Event: 3,400 Thread 0x00007f0e780a6000  173             java.lang.String::indexOf (7 bytes)
Event: 3,402 Thread 0x00007f0e780a6000 nmethod 173 0x00007f0e73aec150 code [0x00007f0e73aec2a0, 0x00007f0e73aec428]
Event: 3,435 Thread 0x00007f0e780a9000  174             java.lang.String::substring (56 bytes)
Event: 3,443 Thread 0x00007f0e780a9000 nmethod 174 0x00007f0e73aeb910 code [0x00007f0e73aeba80, 0x00007f0e73aebe78]
Event: 3,467 Thread 0x00007f0e780a6000  175             java.lang.reflect.Method::getReturnType (5 bytes)
Event: 3,467 Thread 0x00007f0e780a6000 nmethod 175 0x00007f0e73aef150 code [0x00007f0e73aef280, 0x00007f0e73aef2d8]
Event: 3,467 Thread 0x00007f0e780a9000  176             java.lang.reflect.Method::getDeclaringClass (5 bytes)
Event: 3,468 Thread 0x00007f0e780a9000 nmethod 176 0x00007f0e73aeda50 code [0x00007f0e73aedb80, 0x00007f0e73aedbd8]
Event: 3,469 Thread 0x00007f0e780a6000  177             java.lang.Class$MethodArray::removeByNameAndSignature (71 bytes)
Event: 3,474 Thread 0x00007f0e780a6000 nmethod 177 0x00007f0e73aef990 code [0x00007f0e73aefb20, 0x00007f0e73aeffe8]

GC Heap History (10 events):
Event: 0,963 GC heap before
{Heap before GC invocations=1 (full 0):
 PSYoungGen      total 17408K, used 15348K [0x00000000ed100000, 0x00000000ee400000, 0x0000000100000000)
  eden space 15360K, 99% used [0x00000000ed100000,0x00000000edffd328,0x00000000ee000000)
  from space 2048K, 0% used [0x00000000ee200000,0x00000000ee200000,0x00000000ee400000)
  to   space 2048K, 0% used [0x00000000ee000000,0x00000000ee000000,0x00000000ee200000)
 ParOldGen       total 38400K, used 0K [0x00000000c7400000, 0x00000000c9980000, 0x00000000ed100000)
  object space 38400K, 0% used [0x00000000c7400000,0x00000000c7400000,0x00000000c9980000)
 PSPermGen       total 21504K, used 2667K [0x00000000c2200000, 0x00000000c3700000, 0x00000000c7400000)
  object space 21504K, 12% used [0x00000000c2200000,0x00000000c249aee8,0x00000000c3700000)
Event: 0,965 GC heap after
Heap after GC invocations=1 (full 0):
 PSYoungGen      total 17408K, used 522K [0x00000000ed100000, 0x00000000ee400000, 0x0000000100000000)
  eden space 15360K, 0% used [0x00000000ed100000,0x00000000ed100000,0x00000000ee000000)
  from space 2048K, 25% used [0x00000000ee000000,0x00000000ee082a40,0x00000000ee200000)
  to   space 2048K, 0% used [0x00000000ee200000,0x00000000ee200000,0x00000000ee400000)
 ParOldGen       total 38400K, used 0K [0x00000000c7400000, 0x00000000c9980000, 0x00000000ed100000)
  object space 38400K, 0% used [0x00000000c7400000,0x00000000c7400000,0x00000000c9980000)
 PSPermGen       total 21504K, used 2667K [0x00000000c2200000, 0x00000000c3700000, 0x00000000c7400000)
  object space 21504K, 12% used [0x00000000c2200000,0x00000000c249aee8,0x00000000c3700000)
}
Event: 1,817 GC heap before
{Heap before GC invocations=2 (full 0):
 PSYoungGen      total 17408K, used 15882K [0x00000000ed100000, 0x00000000ee400000, 0x0000000100000000)
  eden space 15360K, 100% used [0x00000000ed100000,0x00000000ee000000,0x00000000ee000000)
  from space 2048K, 25% used [0x00000000ee000000,0x00000000ee082a40,0x00000000ee200000)
  to   space 2048K, 0% used [0x00000000ee200000,0x00000000ee200000,0x00000000ee400000)
 ParOldGen       total 38400K, used 0K [0x00000000c7400000, 0x00000000c9980000, 0x00000000ed100000)
  object space 38400K, 0% used [0x00000000c7400000,0x00000000c7400000,0x00000000c9980000)
 PSPermGen       total 21504K, used 9106K [0x00000000c2200000, 0x00000000c3700000, 0x00000000c7400000)
  object space 21504K, 42% used [0x00000000c2200000,0x00000000c2ae4a98,0x00000000c3700000)
Event: 1,825 GC heap after
Heap after GC invocations=2 (full 0):
 PSYoungGen      total 17408K, used 2027K [0x00000000ed100000, 0x00000000ee400000, 0x0000000100000000)
  eden space 15360K, 0% used [0x00000000ed100000,0x00000000ed100000,0x00000000ee000000)
  from space 2048K, 99% used [0x00000000ee200000,0x00000000ee3faed0,0x00000000ee400000)
  to   space 2048K, 0% used [0x00000000ee000000,0x00000000ee000000,0x00000000ee200000)
 ParOldGen       total 38400K, used 1656K [0x00000000c7400000, 0x00000000c9980000, 0x00000000ed100000)
  object space 38400K, 4% used [0x00000000c7400000,0x00000000c759e160,0x00000000c9980000)
 PSPermGen       total 21504K, used 9106K [0x00000000c2200000, 0x00000000c3700000, 0x00000000c7400000)
  object space 21504K, 42% used [0x00000000c2200000,0x00000000c2ae4a98,0x00000000c3700000)
}
Event: 2,573 GC heap before
{Heap before GC invocations=3 (full 0):
 PSYoungGen      total 17408K, used 17384K [0x00000000ed100000, 0x00000000ee400000, 0x0000000100000000)
  eden space 15360K, 99% used [0x00000000ed100000,0x00000000edfff3f8,0x00000000ee000000)
  from space 2048K, 99% used [0x00000000ee200000,0x00000000ee3faed0,0x00000000ee400000)
  to   space 2048K, 0% used [0x00000000ee000000,0x00000000ee000000,0x00000000ee200000)
 ParOldGen       total 38400K, used 1656K [0x00000000c7400000, 0x00000000c9980000, 0x00000000ed100000)
  object space 38400K, 4% used [0x00000000c7400000,0x00000000c759e160,0x00000000c9980000)
 PSPermGen       total 21504K, used 15431K [0x00000000c2200000, 0x00000000c3700000, 0x00000000c7400000)
  object space 21504K, 71% used [0x00000000c2200000,0x00000000c3111fc8,0x00000000c3700000)
Event: 2,584 GC heap after
Heap after GC invocations=3 (full 0):
 PSYoungGen      total 17408K, used 2025K [0x00000000ed100000, 0x00000000ee400000, 0x0000000100000000)
  eden space 15360K, 0% used [0x00000000ed100000,0x00000000ed100000,0x00000000ee000000)
  from space 2048K, 98% used [0x00000000ee000000,0x00000000ee1fa420,0x00000000ee200000)
  to   space 2048K, 0% used [0x00000000ee200000,0x00000000ee200000,0x00000000ee400000)
 ParOldGen       total 38400K, used 4616K [0x00000000c7400000, 0x00000000c9980000, 0x00000000ed100000)
  object space 38400K, 12% used [0x00000000c7400000,0x00000000c7882030,0x00000000c9980000)
 PSPermGen       total 21504K, used 15431K [0x00000000c2200000, 0x00000000c3700000, 0x00000000c7400000)
  object space 21504K, 71% used [0x00000000c2200000,0x00000000c3111fc8,0x00000000c3700000)
}
Event: 3,105 GC heap before
{Heap before GC invocations=4 (full 0):
 PSYoungGen      total 17408K, used 17385K [0x00000000ed100000, 0x00000000ee400000, 0x0000000100000000)
  eden space 15360K, 100% used [0x00000000ed100000,0x00000000ee000000,0x00000000ee000000)
  from space 2048K, 98% used [0x00000000ee000000,0x00000000ee1fa420,0x00000000ee200000)
  to   space 2048K, 0% used [0x00000000ee200000,0x00000000ee200000,0x00000000ee400000)
 ParOldGen       total 38400K, used 4616K [0x00000000c7400000, 0x00000000c9980000, 0x00000000ed100000)
  object space 38400K, 12% used [0x00000000c7400000,0x00000000c7882030,0x00000000c9980000)
 PSPermGen       total 21504K, used 19824K [0x00000000c2200000, 0x00000000c3700000, 0x00000000c7400000)
  object space 21504K, 92% used [0x00000000c2200000,0x00000000c355c0f8,0x00000000c3700000)
Event: 3,116 GC heap after
Heap after GC invocations=4 (full 0):
 PSYoungGen      total 17408K, used 2039K [0x00000000ed100000, 0x00000000ef300000, 0x0000000100000000)
  eden space 15360K, 0% used [0x00000000ed100000,0x00000000ed100000,0x00000000ee000000)
  from space 2048K, 99% used [0x00000000ee200000,0x00000000ee3fdc90,0x00000000ee400000)
  to   space 2048K, 0% used [0x00000000ee000000,0x00000000ee000000,0x00000000ee200000)
 ParOldGen       total 38400K, used 7679K [0x00000000c7400000, 0x00000000c9980000, 0x00000000ed100000)
  object space 38400K, 19% used [0x00000000c7400000,0x00000000c7b7fde0,0x00000000c9980000)
 PSPermGen       total 21504K, used 19824K [0x00000000c2200000, 0x00000000c3700000, 0x00000000c7400000)
  object space 21504K, 92% used [0x00000000c2200000,0x00000000c355c0f8,0x00000000c3700000)
}
Event: 3,521 GC heap before
{Heap before GC invocations=5 (full 0):
 PSYoungGen      total 17408K, used 17399K [0x00000000ed100000, 0x00000000ef300000, 0x0000000100000000)
  eden space 15360K, 100% used [0x00000000ed100000,0x00000000ee000000,0x00000000ee000000)
  from space 2048K, 99% used [0x00000000ee200000,0x00000000ee3fdc90,0x00000000ee400000)
  to   space 2048K, 0% used [0x00000000ee000000,0x00000000ee000000,0x00000000ee200000)
 ParOldGen       total 38400K, used 7679K [0x00000000c7400000, 0x00000000c9980000, 0x00000000ed100000)
  object space 38400K, 19% used [0x00000000c7400000,0x00000000c7b7fde0,0x00000000c9980000)
 PSPermGen       total 22016K, used 21877K [0x00000000c2200000, 0x00000000c3780000, 0x00000000c7400000)
  object space 22016K, 99% used [0x00000000c2200000,0x00000000c375d780,0x00000000c3780000)
Event: 3,531 GC heap after
Heap after GC invocations=5 (full 0):
 PSYoungGen      total 17408K, used 2023K [0x00000000ed100000, 0x00000000efd00000, 0x0000000100000000)
  eden space 15360K, 0% used [0x00000000ed100000,0x00000000ed100000,0x00000000ee000000)
  from space 2048K, 98% used [0x00000000ee000000,0x00000000ee1f9ca0,0x00000000ee200000)
  to   space 7168K, 0% used [0x00000000ef600000,0x00000000ef600000,0x00000000efd00000)
 ParOldGen       total 38400K, used 9901K [0x00000000c7400000, 0x00000000c9980000, 0x00000000ed100000)
  object space 38400K, 25% used [0x00000000c7400000,0x00000000c7dab6f0,0x00000000c9980000)
 PSPermGen       total 22016K, used 21877K [0x00000000c2200000, 0x00000000c3780000, 0x00000000c7400000)
  object space 22016K, 99% used [0x00000000c2200000,0x00000000c375d780,0x00000000c3780000)
}

Deoptimization events (10 events):
Event: 1,578 Thread 0x00007f0e7800c800 Uncommon trap: reason=unstable_if action=reinterpret pc=0x00007f0e73a799f0 method=com.sun.org.apache.xerces.internal.impl.XMLEntityScanner.scanName()Ljava/lang/String; @ 205
Event: 2,026 Thread 0x00007f0e7800c800 Uncommon trap: reason=unstable_if action=reinterpret pc=0x00007f0e73a76234 method=java.util.HashMap.getEntry(Ljava/lang/Object;)Ljava/util/HashMap$Entry; @ 10
Event: 2,038 Thread 0x00007f0e7800c800 Uncommon trap: reason=unstable_if action=reinterpret pc=0x00007f0e73a8fb98 method=java.lang.AbstractStringBuilder.append(Ljava/lang/String;)Ljava/lang/AbstractStringBuilder; @ 1
Event: 2,143 Thread 0x00007f0e7800c800 Uncommon trap: reason=unstable_if action=reinterpret pc=0x00007f0e73a74d98 method=java.util.Properties$LineReader.readLine()I @ 166
Event: 2,188 Thread 0x00007f0e7800c800 Uncommon trap: reason=unstable_if action=reinterpret pc=0x00007f0e73a903c4 method=java.lang.String.regionMatches(ILjava/lang/String;II)Z @ 84
Event: 2,277 Thread 0x00007f0e7800c800 Uncommon trap: reason=unstable_if action=reinterpret pc=0x00007f0e73ab7b58 method=java.util.Properties$LineReader.readLine()I @ 424
Event: 2,870 Thread 0x00007f0e7800c800 Uncommon trap: reason=unstable_if action=reinterpret pc=0x00007f0e73a65b2c method=java.lang.String.replace(CC)Ljava/lang/String; @ 26
Event: 3,104 Thread 0x00007f0e7800c800 Uncommon trap: reason=unstable_if action=reinterpret pc=0x00007f0e73ad48cc method=java.util.HashMap.getEntry(Ljava/lang/Object;)Ljava/util/HashMap$Entry; @ 71
Event: 3,350 Thread 0x00007f0e7800c800 Uncommon trap: reason=unstable_if action=reinterpret pc=0x00007f0e73ad290c method=java.lang.String.startsWith(Ljava/lang/String;I)Z @ 25
Event: 3,350 Thread 0x00007f0e7800c800 Uncommon trap: reason=unstable_if action=reinterpret pc=0x00007f0e73a5c150 method=java.lang.String.startsWith(Ljava/lang/String;I)Z @ 25

Internal exceptions (10 events):
Event: 3,536 Thread 0x00007f0e7800c800 Threw 0x00000000ed10cf78 at /HUDSON/workspace/7u-2-build-linux-amd64/jdk7u80/2329/hotspot/src/share/vm/prims/jvm.cpp:1319
Event: 3,537 Thread 0x00007f0e7800c800 Threw 0x00000000ed10f580 at /HUDSON/workspace/7u-2-build-linux-amd64/jdk7u80/2329/hotspot/src/share/vm/prims/jvm.cpp:1319
Event: 3,537 Thread 0x00007f0e7800c800 Threw 0x00000000ed111ab0 at /HUDSON/workspace/7u-2-build-linux-amd64/jdk7u80/2329/hotspot/src/share/vm/prims/jvm.cpp:1319
Event: 3,538 Thread 0x00007f0e7800c800 Threw 0x00000000ed116ed0 at /HUDSON/workspace/7u-2-build-linux-amd64/jdk7u80/2329/hotspot/src/share/vm/prims/jvm.cpp:1319
Event: 3,538 Thread 0x00007f0e7800c800 Threw 0x00000000ed119550 at /HUDSON/workspace/7u-2-build-linux-amd64/jdk7u80/2329/hotspot/src/share/vm/prims/jvm.cpp:1319
Event: 3,538 Thread 0x00007f0e7800c800 Threw 0x00000000ed119d38 at /HUDSON/workspace/7u-2-build-linux-amd64/jdk7u80/2329/hotspot/src/share/vm/prims/jvm.cpp:1319
Event: 3,538 Thread 0x00007f0e7800c800 Threw 0x00000000ed11c340 at /HUDSON/workspace/7u-2-build-linux-amd64/jdk7u80/2329/hotspot/src/share/vm/prims/jvm.cpp:1319
Event: 3,538 Thread 0x00007f0e7800c800 Threw 0x00000000ed11ed40 at /HUDSON/workspace/7u-2-build-linux-amd64/jdk7u80/2329/hotspot/src/share/vm/prims/jvm.cpp:1319
Event: 3,539 Thread 0x00007f0e7800c800 Threw 0x00000000ed122e90 at /HUDSON/workspace/7u-2-build-linux-amd64/jdk7u80/2329/hotspot/src/share/vm/prims/jvm.cpp:1319
Event: 79,108 Thread 0x00007f0e7800c800 Threw 0x00000000ed1271d0 at /HUDSON/workspace/7u-2-build-linux-amd64/jdk7u80/2329/hotspot/src/share/vm/prims/jvm.cpp:1319

Events (10 events):
Event: 438,402 Executing VM operation: GetCurrentLocation
Event: 438,402 Executing VM operation: GetCurrentLocation done
Event: 438,402 Executing VM operation: ChangeSingleStep
Event: 438,402 Executing VM operation: ChangeSingleStep done
Event: 438,403 Executing VM operation: ChangeSingleStep
Event: 438,403 Executing VM operation: ChangeSingleStep done
Event: 438,459 Executing VM operation: GetOrSetLocal
Event: 438,459 Executing VM operation: GetOrSetLocal done
Event: 438,752 Executing VM operation: GetOrSetLocal
Event: 438,752 Executing VM operation: GetOrSetLocal done


Dynamic libraries:
00400000-00401000 r-xp 00000000 fc:02 1449787                            /opt/jdk1.7.0_80/bin/java
00600000-00601000 rw-p 00000000 fc:02 1449787                            /opt/jdk1.7.0_80/bin/java
01de6000-01e07000 rw-p 00000000 00:00 0                                  [heap]
c2200000-c3780000 rw-p 00000000 00:00 0 
c3780000-c7400000 rw-p 00000000 00:00 0 
c7400000-c9980000 rw-p 00000000 00:00 0 
c9980000-ed100000 rw-p 00000000 00:00 0 
ed100000-efd00000 rw-p 00000000 00:00 0 
efd00000-100000000 rw-p 00000000 00:00 0 
7f0e28000000-7f0e28021000 rw-p 00000000 00:00 0 
7f0e28021000-7f0e2c000000 ---p 00000000 00:00 0 
7f0e30000000-7f0e30021000 rw-p 00000000 00:00 0 
7f0e30021000-7f0e34000000 ---p 00000000 00:00 0 
7f0e34000000-7f0e34021000 rw-p 00000000 00:00 0 
7f0e34021000-7f0e38000000 ---p 00000000 00:00 0 
7f0e38000000-7f0e38671000 rw-p 00000000 00:00 0 
7f0e38671000-7f0e3c000000 ---p 00000000 00:00 0 
7f0e3c000000-7f0e3c719000 rw-p 00000000 00:00 0 
7f0e3c719000-7f0e40000000 ---p 00000000 00:00 0 
7f0e40000000-7f0e40021000 rw-p 00000000 00:00 0 
7f0e40021000-7f0e44000000 ---p 00000000 00:00 0 
7f0e44000000-7f0e44021000 rw-p 00000000 00:00 0 
7f0e44021000-7f0e48000000 ---p 00000000 00:00 0 
7f0e48000000-7f0e48021000 rw-p 00000000 00:00 0 
7f0e48021000-7f0e4c000000 ---p 00000000 00:00 0 
7f0e4c000000-7f0e4c26d000 rw-p 00000000 00:00 0 
7f0e4c26d000-7f0e50000000 ---p 00000000 00:00 0 
7f0e50000000-7f0e50021000 rw-p 00000000 00:00 0 
7f0e50021000-7f0e54000000 ---p 00000000 00:00 0 
7f0e54000000-7f0e54021000 rw-p 00000000 00:00 0 
7f0e54021000-7f0e58000000 ---p 00000000 00:00 0 
7f0e58000000-7f0e58021000 rw-p 00000000 00:00 0 
7f0e58021000-7f0e5c000000 ---p 00000000 00:00 0 
7f0e5c000000-7f0e5c021000 rw-p 00000000 00:00 0 
7f0e5c021000-7f0e60000000 ---p 00000000 00:00 0 
7f0e62bc0000-7f0e62bc3000 ---p 00000000 00:00 0 
7f0e62bc3000-7f0e62cc1000 rw-p 00000000 00:00 0                          [stack:23263]
7f0e62cc1000-7f0e62cc9000 r-xp 00000000 fc:02 1447751                    /opt/jdk1.7.0_80/jre/lib/amd64/libmanagement.so
7f0e62cc9000-7f0e62ec8000 ---p 00008000 fc:02 1447751                    /opt/jdk1.7.0_80/jre/lib/amd64/libmanagement.so
7f0e62ec8000-7f0e62ec9000 rw-p 00007000 fc:02 1447751                    /opt/jdk1.7.0_80/jre/lib/amd64/libmanagement.so
7f0e62ec9000-7f0e62ee0000 r-xp 00000000 fc:02 1447778                    /opt/jdk1.7.0_80/jre/lib/amd64/libnet.so
7f0e62ee0000-7f0e630df000 ---p 00017000 fc:02 1447778                    /opt/jdk1.7.0_80/jre/lib/amd64/libnet.so
7f0e630df000-7f0e630e0000 rw-p 00016000 fc:02 1447778                    /opt/jdk1.7.0_80/jre/lib/amd64/libnet.so
7f0e630e0000-7f0e630f0000 r-xp 00000000 fc:02 1447743                    /opt/jdk1.7.0_80/jre/lib/amd64/libnio.so
7f0e630f0000-7f0e632f0000 ---p 00010000 fc:02 1447743                    /opt/jdk1.7.0_80/jre/lib/amd64/libnio.so
7f0e632f0000-7f0e632f1000 rw-p 00010000 fc:02 1447743                    /opt/jdk1.7.0_80/jre/lib/amd64/libnio.so
7f0e632f1000-7f0e632f2000 ---p 00000000 00:00 0 
7f0e632f2000-7f0e633f2000 rw-p 00000000 00:00 0                          [stack:23258]
7f0e633f2000-7f0e633f5000 ---p 00000000 00:00 0 
7f0e633f5000-7f0e634f3000 rw-p 00000000 00:00 0                          [stack:23257]
7f0e634f3000-7f0e634f6000 ---p 00000000 00:00 0 
7f0e634f6000-7f0e635f4000 rw-p 00000000 00:00 0                          [stack:23256]
7f0e635f4000-7f0e635f7000 ---p 00000000 00:00 0 
7f0e635f7000-7f0e636f5000 rw-p 00000000 00:00 0                          [stack:23255]
7f0e636f5000-7f0e636f8000 ---p 00000000 00:00 0 
7f0e636f8000-7f0e637f6000 rw-p 00000000 00:00 0                          [stack:23251]
7f0e637f6000-7f0e637f9000 ---p 00000000 00:00 0 
7f0e637f9000-7f0e638f7000 rw-p 00000000 00:00 0                          [stack:23250]
7f0e638f7000-7f0e638fa000 ---p 00000000 00:00 0 
7f0e638fa000-7f0e639f8000 rw-p 00000000 00:00 0                          [stack:23249]
7f0e639f8000-7f0e639fc000 r-xp 00000000 fc:02 1447792                    /opt/jdk1.7.0_80/jre/lib/amd64/libdt_socket.so
7f0e639fc000-7f0e63bfb000 ---p 00004000 fc:02 1447792                    /opt/jdk1.7.0_80/jre/lib/amd64/libdt_socket.so
7f0e63bfb000-7f0e63bfc000 rw-p 00003000 fc:02 1447792                    /opt/jdk1.7.0_80/jre/lib/amd64/libdt_socket.so
7f0e63bfc000-7f0e63bff000 ---p 00000000 00:00 0 
7f0e63bff000-7f0e63cfd000 rw-p 00000000 00:00 0                          [stack:23247]
7f0e63cfd000-7f0e63d00000 ---p 00000000 00:00 0 
7f0e63d00000-7f0e63dfe000 rw-p 00000000 00:00 0                          [stack:23246]
7f0e63dfe000-7f0e63e01000 ---p 00000000 00:00 0 
7f0e63e01000-7f0e63eff000 rw-p 00000000 00:00 0                          [stack:23245]
7f0e63eff000-7f0e63f00000 ---p 00000000 00:00 0 
7f0e63f00000-7f0e64000000 rw-p 00000000 00:00 0                          [stack:23244]
7f0e64000000-7f0e64021000 rw-p 00000000 00:00 0 
7f0e64021000-7f0e68000000 ---p 00000000 00:00 0 
7f0e68000000-7f0e68021000 rw-p 00000000 00:00 0 
7f0e68021000-7f0e6c000000 ---p 00000000 00:00 0 
7f0e6c000000-7f0e6c021000 rw-p 00000000 00:00 0 
7f0e6c021000-7f0e70000000 ---p 00000000 00:00 0 
7f0e70040000-7f0e70047000 r--s 00000000 fc:02 2753410                    /usr/lib/x86_64-linux-gnu/gconv/gconv-modules.cache
7f0e70047000-7f0e7006d000 r--p 00000000 fc:02 3022361                    /usr/share/locale-langpack/es/LC_MESSAGES/libc.mo
7f0e7006d000-7f0e70071000 r--s 0008b000 fc:02 1317176                    /opt/jdk1.7.0_80/jre/lib/jsse.jar
7f0e70071000-7f0e7007b000 r--s 00253000 fc:02 1317154                    /opt/jdk1.7.0_80/jre/lib/resources.jar
7f0e7007b000-7f0e700da000 r--s 004ab000 fc:01 19267960                   /home/giovanton/Descargas/hibernate-release-4.3.10.Final/lib/required/hibernate-core-4.3.10.Final.jar
7f0e700da000-7f0e700f1000 r--s 00286000 fc:01 19137053                   /home/giovanton/Descargas/ojdbc6.jar
7f0e700f1000-7f0e710f0000 rw-p 00000000 00:00 0 
7f0e710f0000-7f0e712b0000 r--s 039fb000 fc:02 1317181                    /opt/jdk1.7.0_80/jre/lib/rt.jar
7f0e712b0000-7f0e73405000 rw-p 00000000 00:00 0 
7f0e73405000-7f0e73406000 ---p 00000000 00:00 0 
7f0e73406000-7f0e73506000 rw-p 00000000 00:00 0                          [stack:23243]
7f0e73506000-7f0e73507000 ---p 00000000 00:00 0 
7f0e73507000-7f0e73607000 rw-p 00000000 00:00 0                          [stack:23242]
7f0e73607000-7f0e73608000 ---p 00000000 00:00 0 
7f0e73608000-7f0e73708000 rw-p 00000000 00:00 0                          [stack:23241]
7f0e73708000-7f0e73709000 ---p 00000000 00:00 0 
7f0e73709000-7f0e73814000 rw-p 00000000 00:00 0                          [stack:23240]
7f0e73814000-7f0e73832000 rw-p 00000000 00:00 0 
7f0e73832000-7f0e73845000 rw-p 00000000 00:00 0 
7f0e73845000-7f0e73960000 rw-p 00000000 00:00 0 
7f0e73960000-7f0e73977000 rw-p 00000000 00:00 0 
7f0e73977000-7f0e739f8000 rw-p 00000000 00:00 0 
7f0e739f8000-7f0e739f9000 rw-p 00000000 00:00 0 
7f0e739f9000-7f0e73c69000 rwxp 00000000 00:00 0 
7f0e73c69000-7f0e769f9000 rw-p 00000000 00:00 0 
7f0e769f9000-7f0e76a10000 r-xp 00000000 fc:02 1447772                    /opt/jdk1.7.0_80/jre/lib/amd64/libzip.so
7f0e76a10000-7f0e76c10000 ---p 00017000 fc:02 1447772                    /opt/jdk1.7.0_80/jre/lib/amd64/libzip.so
7f0e76c10000-7f0e76c11000 rw-p 00017000 fc:02 1447772                    /opt/jdk1.7.0_80/jre/lib/amd64/libzip.so
7f0e76c11000-7f0e76c1c000 r-xp 00000000 fc:02 2621648                    /lib/x86_64-linux-gnu/libnss_files-2.19.so
7f0e76c1c000-7f0e76e1b000 ---p 0000b000 fc:02 2621648                    /lib/x86_64-linux-gnu/libnss_files-2.19.so
7f0e76e1b000-7f0e76e1c000 r--p 0000a000 fc:02 2621648                    /lib/x86_64-linux-gnu/libnss_files-2.19.so
7f0e76e1c000-7f0e76e1d000 rw-p 0000b000 fc:02 2621648                    /lib/x86_64-linux-gnu/libnss_files-2.19.so
7f0e76e1d000-7f0e76e28000 r-xp 00000000 fc:02 2621668                    /lib/x86_64-linux-gnu/libnss_nis-2.19.so
7f0e76e28000-7f0e77027000 ---p 0000b000 fc:02 2621668                    /lib/x86_64-linux-gnu/libnss_nis-2.19.so
7f0e77027000-7f0e77028000 r--p 0000a000 fc:02 2621668                    /lib/x86_64-linux-gnu/libnss_nis-2.19.so
7f0e77028000-7f0e77029000 rw-p 0000b000 fc:02 2621668                    /lib/x86_64-linux-gnu/libnss_nis-2.19.so
7f0e77029000-7f0e77040000 r-xp 00000000 fc:02 2621657                    /lib/x86_64-linux-gnu/libnsl-2.19.so
7f0e77040000-7f0e7723f000 ---p 00017000 fc:02 2621657                    /lib/x86_64-linux-gnu/libnsl-2.19.so
7f0e7723f000-7f0e77240000 r--p 00016000 fc:02 2621657                    /lib/x86_64-linux-gnu/libnsl-2.19.so
7f0e77240000-7f0e77241000 rw-p 00017000 fc:02 2621657                    /lib/x86_64-linux-gnu/libnsl-2.19.so
7f0e77241000-7f0e77243000 rw-p 00000000 00:00 0 
7f0e77243000-7f0e7724c000 r-xp 00000000 fc:02 2621656                    /lib/x86_64-linux-gnu/libnss_compat-2.19.so
7f0e7724c000-7f0e7744b000 ---p 00009000 fc:02 2621656                    /lib/x86_64-linux-gnu/libnss_compat-2.19.so
7f0e7744b000-7f0e7744c000 r--p 00008000 fc:02 2621656                    /lib/x86_64-linux-gnu/libnss_compat-2.19.so
7f0e7744c000-7f0e7744d000 rw-p 00009000 fc:02 2621656                    /lib/x86_64-linux-gnu/libnss_compat-2.19.so
7f0e7744d000-7f0e77997000 r--p 00000000 fc:02 2235478                    /usr/lib/locale/locale-archive
7f0e77997000-7f0e77999000 r-xp 00000000 fc:02 1447797                    /opt/jdk1.7.0_80/jre/lib/amd64/libnpt.so
7f0e77999000-7f0e77b99000 ---p 00002000 fc:02 1447797                    /opt/jdk1.7.0_80/jre/lib/amd64/libnpt.so
7f0e77b99000-7f0e77b9a000 rw-p 00002000 fc:02 1447797                    /opt/jdk1.7.0_80/jre/lib/amd64/libnpt.so
7f0e77b9a000-7f0e77bd3000 r-xp 00000000 fc:02 1447745                    /opt/jdk1.7.0_80/jre/lib/amd64/libjdwp.so
7f0e77bd3000-7f0e77dd3000 ---p 00039000 fc:02 1447745                    /opt/jdk1.7.0_80/jre/lib/amd64/libjdwp.so
7f0e77dd3000-7f0e77dd4000 rw-p 00039000 fc:02 1447745                    /opt/jdk1.7.0_80/jre/lib/amd64/libjdwp.so
7f0e77dd4000-7f0e77dd5000 rw-p 00000000 00:00 0 
7f0e77dd5000-7f0e77dfe000 r-xp 00000000 fc:02 1447738                    /opt/jdk1.7.0_80/jre/lib/amd64/libjava.so
7f0e77dfe000-7f0e77ffe000 ---p 00029000 fc:02 1447738                    /opt/jdk1.7.0_80/jre/lib/amd64/libjava.so
7f0e77ffe000-7f0e78000000 rw-p 00029000 fc:02 1447738                    /opt/jdk1.7.0_80/jre/lib/amd64/libjava.so
7f0e78000000-7f0e787b5000 rw-p 00000000 00:00 0 
7f0e787b5000-7f0e7c000000 ---p 00000000 00:00 0 
7f0e7c002000-7f0e7c00c000 r--s 000a5000 fc:01 19267958                   /home/giovanton/Descargas/hibernate-release-4.3.10.Final/lib/required/javassist-3.18.1-GA.jar
7f0e7c00c000-7f0e7c09a000 rw-p 00000000 00:00 0 
7f0e7c09a000-7f0e7c0b8000 rw-p 00000000 00:00 0 
7f0e7c0b8000-7f0e7c0cb000 rw-p 00000000 00:00 0 
7f0e7c0cb000-7f0e7c1e7000 rw-p 00000000 00:00 0 
7f0e7c1e7000-7f0e7c1f4000 r-xp 00000000 fc:02 1447765                    /opt/jdk1.7.0_80/jre/lib/amd64/libverify.so
7f0e7c1f4000-7f0e7c3f3000 ---p 0000d000 fc:02 1447765                    /opt/jdk1.7.0_80/jre/lib/amd64/libverify.so
7f0e7c3f3000-7f0e7c3f5000 rw-p 0000c000 fc:02 1447765                    /opt/jdk1.7.0_80/jre/lib/amd64/libverify.so
7f0e7c3f5000-7f0e7c3fc000 r-xp 00000000 fc:02 2621665                    /lib/x86_64-linux-gnu/librt-2.19.so
7f0e7c3fc000-7f0e7c5fb000 ---p 00007000 fc:02 2621665                    /lib/x86_64-linux-gnu/librt-2.19.so
7f0e7c5fb000-7f0e7c5fc000 r--p 00006000 fc:02 2621665                    /lib/x86_64-linux-gnu/librt-2.19.so
7f0e7c5fc000-7f0e7c5fd000 rw-p 00007000 fc:02 2621665                    /lib/x86_64-linux-gnu/librt-2.19.so
7f0e7c5fd000-7f0e7c702000 r-xp 00000000 fc:02 2621647                    /lib/x86_64-linux-gnu/libm-2.19.so
7f0e7c702000-7f0e7c901000 ---p 00105000 fc:02 2621647                    /lib/x86_64-linux-gnu/libm-2.19.so
7f0e7c901000-7f0e7c902000 r--p 00104000 fc:02 2621647                    /lib/x86_64-linux-gnu/libm-2.19.so
7f0e7c902000-7f0e7c903000 rw-p 00105000 fc:02 2621647                    /lib/x86_64-linux-gnu/libm-2.19.so
7f0e7c903000-7f0e7d479000 r-xp 00000000 fc:02 1447795                    /opt/jdk1.7.0_80/jre/lib/amd64/server/libjvm.so
7f0e7d479000-7f0e7d678000 ---p 00b76000 fc:02 1447795                    /opt/jdk1.7.0_80/jre/lib/amd64/server/libjvm.so
7f0e7d678000-7f0e7d73c000 rw-p 00b75000 fc:02 1447795                    /opt/jdk1.7.0_80/jre/lib/amd64/server/libjvm.so
7f0e7d73c000-7f0e7d77d000 rw-p 00000000 00:00 0 
7f0e7d77d000-7f0e7d938000 r-xp 00000000 fc:02 2621662                    /lib/x86_64-linux-gnu/libc-2.19.so
7f0e7d938000-7f0e7db37000 ---p 001bb000 fc:02 2621662                    /lib/x86_64-linux-gnu/libc-2.19.so
7f0e7db37000-7f0e7db3b000 r--p 001ba000 fc:02 2621662                    /lib/x86_64-linux-gnu/libc-2.19.so
7f0e7db3b000-7f0e7db3d000 rw-p 001be000 fc:02 2621662                    /lib/x86_64-linux-gnu/libc-2.19.so
7f0e7db3d000-7f0e7db42000 rw-p 00000000 00:00 0 
7f0e7db42000-7f0e7db45000 r-xp 00000000 fc:02 2621651                    /lib/x86_64-linux-gnu/libdl-2.19.so
7f0e7db45000-7f0e7dd44000 ---p 00003000 fc:02 2621651                    /lib/x86_64-linux-gnu/libdl-2.19.so
7f0e7dd44000-7f0e7dd45000 r--p 00002000 fc:02 2621651                    /lib/x86_64-linux-gnu/libdl-2.19.so
7f0e7dd45000-7f0e7dd46000 rw-p 00003000 fc:02 2621651                    /lib/x86_64-linux-gnu/libdl-2.19.so
7f0e7dd46000-7f0e7dd5b000 r-xp 00000000 fc:02 1448508                    /opt/jdk1.7.0_80/lib/amd64/jli/libjli.so
7f0e7dd5b000-7f0e7df5a000 ---p 00015000 fc:02 1448508                    /opt/jdk1.7.0_80/lib/amd64/jli/libjli.so
7f0e7df5a000-7f0e7df5b000 rw-p 00014000 fc:02 1448508                    /opt/jdk1.7.0_80/lib/amd64/jli/libjli.so
7f0e7df5b000-7f0e7df74000 r-xp 00000000 fc:02 2621663                    /lib/x86_64-linux-gnu/libpthread-2.19.so
7f0e7df74000-7f0e7e173000 ---p 00019000 fc:02 2621663                    /lib/x86_64-linux-gnu/libpthread-2.19.so
7f0e7e173000-7f0e7e174000 r--p 00018000 fc:02 2621663                    /lib/x86_64-linux-gnu/libpthread-2.19.so
7f0e7e174000-7f0e7e175000 rw-p 00019000 fc:02 2621663                    /lib/x86_64-linux-gnu/libpthread-2.19.so
7f0e7e175000-7f0e7e179000 rw-p 00000000 00:00 0 
7f0e7e179000-7f0e7e19c000 r-xp 00000000 fc:02 2621659                    /lib/x86_64-linux-gnu/ld-2.19.so
7f0e7e19c000-7f0e7e19e000 rw-p 00000000 00:00 0 
7f0e7e19e000-7f0e7e19f000 r--s 00006000 fc:01 19267954                   /home/giovanton/Descargas/hibernate-release-4.3.10.Final/lib/required/jboss-transaction-api_1.2_spec-1.0.0.Final.jar
7f0e7e19f000-7f0e7e1a1000 r--s 0000c000 fc:01 19267952                   /home/giovanton/Descargas/hibernate-release-4.3.10.Final/lib/required/jboss-logging-3.1.3.GA.jar
7f0e7e1a1000-7f0e7e1a3000 r--s 00011000 fc:01 19267959                   /home/giovanton/Descargas/hibernate-release-4.3.10.Final/lib/required/jandex-1.1.0.Final.jar
7f0e7e1a3000-7f0e7e1a8000 r--s 00017000 fc:01 19267957                   /home/giovanton/Descargas/hibernate-release-4.3.10.Final/lib/required/hibernate-jpa-2.1-api-1.0.0.Final.jar
7f0e7e1a8000-7f0e7e1ad000 r--s 00048000 fc:01 19267955                   /home/giovanton/Descargas/hibernate-release-4.3.10.Final/lib/required/dom4j-1.6.1.jar
7f0e7e1ad000-7f0e7e1b7000 rw-p 00000000 00:00 0 
7f0e7e1b7000-7f0e7e26d000 rw-p 00000000 00:00 0 
7f0e7e26d000-7f0e7e270000 ---p 00000000 00:00 0 
7f0e7e270000-7f0e7e372000 rw-p 00000000 00:00 0                          [stack:23239]
7f0e7e372000-7f0e7e373000 r--s 00002000 fc:01 19267953                   /home/giovanton/Descargas/hibernate-release-4.3.10.Final/lib/required/jboss-logging-annotations-1.2.0.Beta1.jar
7f0e7e373000-7f0e7e376000 r--s 00010000 fc:01 19267956                   /home/giovanton/Descargas/hibernate-release-4.3.10.Final/lib/required/hibernate-commons-annotations-4.0.5.Final.jar
7f0e7e376000-7f0e7e37b000 r--s 00068000 fc:01 19267951                   /home/giovanton/Descargas/hibernate-release-4.3.10.Final/lib/required/antlr-2.7.7.jar
7f0e7e37b000-7f0e7e38f000 rw-p 00000000 00:00 0 
7f0e7e38f000-7f0e7e397000 rw-s 00000000 fc:02 1050255                    /tmp/hsperfdata_giovanton/23231
7f0e7e397000-7f0e7e398000 rw-p 00000000 00:00 0 
7f0e7e398000-7f0e7e399000 r--p 00000000 00:00 0 
7f0e7e399000-7f0e7e39b000 rw-p 00000000 00:00 0 
7f0e7e39b000-7f0e7e39c000 r--p 00022000 fc:02 2621659                    /lib/x86_64-linux-gnu/ld-2.19.so
7f0e7e39c000-7f0e7e39d000 rw-p 00023000 fc:02 2621659                    /lib/x86_64-linux-gnu/ld-2.19.so
7f0e7e39d000-7f0e7e39e000 rw-p 00000000 00:00 0 
7fffe2b7a000-7fffe2b9b000 rw-p 00000000 00:00 0                          [stack]
7fffe2bfe000-7fffe2c00000 r-xp 00000000 00:00 0                          [vdso]
ffffffffff600000-ffffffffff601000 r-xp 00000000 00:00 0                  [vsyscall]

VM Arguments:
jvm_args: -agentlib:jdwp=transport=dt_socket,suspend=y,address=localhost:58398 -Dfile.encoding=UTF-8 
java_command: MainSubidaSueldo
Launcher Type: SUN_STANDARD

Environment Variables:
PATH=/usr/local/sbin:/usr/local/bin:/usr/sbin:/usr/bin:/sbin:/bin:/usr/games:/usr/local/games:/opt/eclipse:/opt/jdk1.8.0_31
USERNAME=giovanton
SHELL=/bin/bash
DISPLAY=:0

Signal Handlers:
SIGSEGV: [libjvm.so+0x9a3b20], sa_mask[0]=0x7ffbfeff, sa_flags=0x10000004
SIGBUS: [libjvm.so+0x9a3b20], sa_mask[0]=0x7ffbfeff, sa_flags=0x10000004
SIGFPE: [libjvm.so+0x81e740], sa_mask[0]=0x7ffbfeff, sa_flags=0x10000004
SIGPIPE: [libjvm.so+0x81e740], sa_mask[0]=0x7ffbfeff, sa_flags=0x10000004
SIGXFSZ: [libjvm.so+0x81e740], sa_mask[0]=0x7ffbfeff, sa_flags=0x10000004
SIGILL: [libjvm.so+0x81e740], sa_mask[0]=0x7ffbfeff, sa_flags=0x10000004
SIGUSR1: SIG_DFL, sa_mask[0]=0x00000000, sa_flags=0x00000000
SIGUSR2: [libjvm.so+0x81ffb0], sa_mask[0]=0x00000004, sa_flags=0x10000004
SIGHUP: [libjvm.so+0x8210d0], sa_mask[0]=0x7ffbfeff, sa_flags=0x10000004
SIGINT: [libjvm.so+0x8210d0], sa_mask[0]=0x7ffbfeff, sa_flags=0x10000004
SIGTERM: [libjvm.so+0x8210d0], sa_mask[0]=0x7ffbfeff, sa_flags=0x10000004
SIGQUIT: [libjvm.so+0x8210d0], sa_mask[0]=0x7ffbfeff, sa_flags=0x10000004


---------------  S Y S T E M  ---------------

OS:jessie/sid

uname:Linux 3.13.0-37-generic #64-Ubuntu SMP Mon Sep 22 21:28:38 UTC 2014 x86_64
libc:glibc 2.19 NPTL 2.19 
rlimit: STACK 8192k, CORE 0k, NPROC 28776, NOFILE 4096, AS infinity
load average:1,93 1,06 0,65

/proc/meminfo:
MemTotal:        3714900 kB
MemFree:          158720 kB
Buffers:            4696 kB
Cached:           566948 kB
SwapCached:        16760 kB
Active:          2143984 kB
Inactive:        1143664 kB
Active(anon):    1990928 kB
Inactive(anon):   989160 kB
Active(file):     153056 kB
Inactive(file):   154504 kB
Unevictable:           0 kB
Mlocked:               0 kB
SwapTotal:       5799932 kB
SwapFree:        5481068 kB
Dirty:                 0 kB
Writeback:             0 kB
AnonPages:       2700844 kB
Mapped:           241104 kB
Shmem:            263840 kB
Slab:             122968 kB
SReclaimable:      86996 kB
SUnreclaim:        35972 kB
KernelStack:        6624 kB
PageTables:        58100 kB
NFS_Unstable:          0 kB
Bounce:                0 kB
WritebackTmp:          0 kB
CommitLimit:     7657380 kB
Committed_AS:    7458088 kB
VmallocTotal:   34359738367 kB
VmallocUsed:      551160 kB
VmallocChunk:   34359180156 kB
HardwareCorrupted:     0 kB
AnonHugePages:   1318912 kB
HugePages_Total:       0
HugePages_Free:        0
HugePages_Rsvd:        0
HugePages_Surp:        0
Hugepagesize:       2048 kB
DirectMap4k:      164964 kB
DirectMap2M:     3692544 kB


CPU:total 4 (2 cores per cpu, 2 threads per core) family 6 model 37 stepping 5, cmov, cx8, fxsr, mmx, sse, sse2, sse3, ssse3, sse4.1, sse4.2, popcnt, ht, tsc, tscinvbit

/proc/cpuinfo:
processor	: 0
vendor_id	: GenuineIntel
cpu family	: 6
model		: 37
model name	: Intel(R) Core(TM) i3 CPU       M 380  @ 2.53GHz
stepping	: 5
microcode	: 0x2
cpu MHz		: 933.000
cache size	: 3072 KB
physical id	: 0
siblings	: 4
core id		: 0
cpu cores	: 2
apicid		: 0
initial apicid	: 0
fpu		: yes
fpu_exception	: yes
cpuid level	: 11
wp		: yes
flags		: fpu vme de pse tsc msr pae mce cx8 apic sep mtrr pge mca cmov pat pse36 clflush dts acpi mmx fxsr sse sse2 ss ht tm pbe syscall nx rdtscp lm constant_tsc arch_perfmon pebs bts rep_good nopl xtopology nonstop_tsc aperfmperf pni dtes64 monitor ds_cpl vmx est tm2 ssse3 cx16 xtpr pdcm pcid sse4_1 sse4_2 popcnt lahf_lm arat dtherm tpr_shadow vnmi flexpriority ept vpid
bogomips	: 5053.95
clflush size	: 64
cache_alignment	: 64
address sizes	: 36 bits physical, 48 bits virtual
power management:

processor	: 1
vendor_id	: GenuineIntel
cpu family	: 6
model		: 37
model name	: Intel(R) Core(TM) i3 CPU       M 380  @ 2.53GHz
stepping	: 5
microcode	: 0x2
cpu MHz		: 933.000
cache size	: 3072 KB
physical id	: 0
siblings	: 4
core id		: 0
cpu cores	: 2
apicid		: 1
initial apicid	: 1
fpu		: yes
fpu_exception	: yes
cpuid level	: 11
wp		: yes
flags		: fpu vme de pse tsc msr pae mce cx8 apic sep mtrr pge mca cmov pat pse36 clflush dts acpi mmx fxsr sse sse2 ss ht tm pbe syscall nx rdtscp lm constant_tsc arch_perfmon pebs bts rep_good nopl xtopology nonstop_tsc aperfmperf pni dtes64 monitor ds_cpl vmx est tm2 ssse3 cx16 xtpr pdcm pcid sse4_1 sse4_2 popcnt lahf_lm arat dtherm tpr_shadow vnmi flexpriority ept vpid
bogomips	: 5053.95
clflush size	: 64
cache_alignment	: 64
address sizes	: 36 bits physical, 48 bits virtual
power management:

processor	: 2
vendor_id	: GenuineIntel
cpu family	: 6
model		: 37
model name	: Intel(R) Core(TM) i3 CPU       M 380  @ 2.53GHz
stepping	: 5
microcode	: 0x2
cpu MHz		: 2533.000
cache size	: 3072 KB
physical id	: 0
siblings	: 4
core id		: 2
cpu cores	: 2
apicid		: 4
initial apicid	: 4
fpu		: yes
fpu_exception	: yes
cpuid level	: 11
wp		: yes
flags		: fpu vme de pse tsc msr pae mce cx8 apic sep mtrr pge mca cmov pat pse36 clflush dts acpi mmx fxsr sse sse2 ss ht tm pbe syscall nx rdtscp lm constant_tsc arch_perfmon pebs bts rep_good nopl xtopology nonstop_tsc aperfmperf pni dtes64 monitor ds_cpl vmx est tm2 ssse3 cx16 xtpr pdcm pcid sse4_1 sse4_2 popcnt lahf_lm arat dtherm tpr_shadow vnmi flexpriority ept vpid
bogomips	: 5053.95
clflush size	: 64
cache_alignment	: 64
address sizes	: 36 bits physical, 48 bits virtual
power management:

processor	: 3
vendor_id	: GenuineIntel
cpu family	: 6
model		: 37
model name	: Intel(R) Core(TM) i3 CPU       M 380  @ 2.53GHz
stepping	: 5
microcode	: 0x2
cpu MHz		: 933.000
cache size	: 3072 KB
physical id	: 0
siblings	: 4
core id		: 2
cpu cores	: 2
apicid		: 5
initial apicid	: 5
fpu		: yes
fpu_exception	: yes
cpuid level	: 11
wp		: yes
flags		: fpu vme de pse tsc msr pae mce cx8 apic sep mtrr pge mca cmov pat pse36 clflush dts acpi mmx fxsr sse sse2 ss ht tm pbe syscall nx rdtscp lm constant_tsc arch_perfmon pebs bts rep_good nopl xtopology nonstop_tsc aperfmperf pni dtes64 monitor ds_cpl vmx est tm2 ssse3 cx16 xtpr pdcm pcid sse4_1 sse4_2 popcnt lahf_lm arat dtherm tpr_shadow vnmi flexpriority ept vpid
bogomips	: 5053.95
clflush size	: 64
cache_alignment	: 64
address sizes	: 36 bits physical, 48 bits virtual
power management:



Memory: 4k page, physical 3714900k(158720k free), swap 5799932k(5481068k free)

vm_info: Java HotSpot(TM) 64-Bit Server VM (24.80-b11) for linux-amd64 JRE (1.7.0_80-b15), built on Apr 10 2015 19:53:14 by "java_re" with gcc 4.3.0 20080428 (Red Hat 4.3.0-8)

time: Wed Jun 10 17:55:45 2015
elapsed time: 438 seconds

