#
# A fatal error has been detected by the Java Runtime Environment:
#
#  SIGSEGV (0xb) at pc=0x00007f15435dbc19, pid=22106, tid=139729078830848
#
# JRE version: Java(TM) SE Runtime Environment (7.0_80-b15) (build 1.7.0_80-b15)
# Java VM: Java HotSpot(TM) 64-Bit Server VM (24.80-b11 mixed mode linux-amd64 compressed oops)
# Problematic frame:
# V  [libjvm.so+0x605c19]  java_lang_String::utf8_length(oopDesc*)+0xd9
#
# Failed to write core dump. Core dumps have been disabled. To enable core dumping, try "ulimit -c unlimited" before starting Java again
#
# If you would like to submit a bug report, please visit:
#   http://bugreport.java.com/bugreport/crash.jsp
#

---------------  T H R E A D  ---------------

Current thread (0x00007f153c0a8000):  JavaThread "JDWP Transport Listener: dt_socket" daemon [_thread_in_vm, id=22122, stack(0x00007f15360bc000,0x00007f15361bd000)]

siginfo:si_signo=SIGSEGV: si_errno=0, si_code=1 (SEGV_MAPERR), si_addr=0x000000000000000c

Registers:
RAX=0x000000000000000c, RBX=0x00007f153c09ff98, RCX=0x0000000000000000, RDX=0x0000000000000000
RSP=0x00007f15361bb990, RBP=0x00007f15361bb9a0, RSI=0x000000000000000c, RDI=0x00000000ed8b6860
R8 =0x0000000000000000, R9 =0x0000000000000001, R10=0x0000000000000000, R11=0x00007f1543625e00
R12=0x0000000000000000, R13=0x00007f153c0a8000, R14=0x00007f15361bba90, R15=0x0000000000000000
RIP=0x00007f15435dbc19, EFLAGS=0x0000000000010246, CSGSFS=0x6d04000000000033, ERR=0x0000000000000004
  TRAPNO=0x000000000000000e

Top of Stack: (sp=0x00007f15361bb990)
0x00007f15361bb990:   00007f153c09ff98 00000000ed8b6860
0x00007f15361bb9a0:   00007f15361bba10 00007f154362dfeb
0x00007f15361bb9b0:   00007f153c0a8000 0000000000000000
0x00007f15361bb9c0:   00007f15361bba10 00007f154247af92
0x00007f15361bb9d0:   00007f153c0a8000 000000000000000a
0x00007f15361bb9e0:   00007f15361bba10 00007f15361bbc20
0x00007f15361bb9f0:   00007f153c0a81e8 00007f153c09ff98
0x00007f15361bba00:   00007f15361bba90 00007f154268e120
0x00007f15361bba10:   00007f15361bba50 00007f154245d3b2
0x00007f15361bba20:   000000000000e7e8 000000000000000a
0x00007f15361bba30:   0000000000000001 000000000000000a
0x00007f15361bba40:   0000000000010a00 0000000000000001
0x00007f15361bba50:   00007f15361bbca0 00007f1542465976
0x00007f15361bba60:   0000e7e800000013 00007f1543010a00
0x00007f15361bba70:   00007f150c000f80 00007f153c0a8000
0x00007f15361bba80:   00007f15361bba90 00007f15361bbc20
0x00007f15361bba90:   00007f15361bbae0 00007f150000012c
0x00007f15361bbaa0:   00007f15361bbaa8 0000000000000000
0x00007f15361bbab0:   00007f15361bbae0 0000000000000000
0x00007f15361bbac0:   00007f0000000000 0000e7e800000013
0x00007f15361bbad0:   00007f1500009480 00007f15361bbae0
0x00007f15361bbae0:   6e69616d04000000 00004c7c00000013
0x00007f15361bbaf0:   7f00770000000000 000000085f001415
0x00007f15361bbb00:   0000000000000000 0000010100e40600
0x00007f15361bbb10:   0000130000000000 0000e0430014157f
0x00007f15361bbb20:   00002b0000000000 00010200e4060000
0x00007f15361bbb30:   0081000000000000 00e840083c157f00
0x00007f15361bbb40:   000d000000000000 010300e406000000
0x00007f15361bbb50:   8100000000000000 c0700014157f0000
0x00007f15361bbb60:   0100000000000000 0400e40600000000
0x00007f15361bbb70:   0000000000000001 700014157f000084
0x00007f15361bbb80:   ffffffffffffffd8 00e40600000000ff 

Instructions: (pc=0x00007f15435dbc19)
0x00007f15435dbbf9:   08 48 d3 e2 48 03 10 b8 0c 00 00 00 eb 12 66 0f
0x00007f15435dbc09:   1f 84 00 00 00 00 00 48 8b 14 37 b8 10 00 00 00
0x00007f15435dbc19:   8b 1c 02 e9 6b ff ff ff 90 66 66 66 66 66 2e 0f
0x00007f15435dbc29:   1f 84 00 00 00 00 00 55 48 8b 05 60 67 80 00 48 

Register to memory mapping:

RAX=0x000000000000000c is an unknown value
RBX=0x00007f153c09ff98 is a global jni handle
RCX=0x0000000000000000 is an unknown value
RDX=0x0000000000000000 is an unknown value
RSP=0x00007f15361bb990 is pointing into the stack for thread: 0x00007f153c0a8000
RBP=0x00007f15361bb9a0 is pointing into the stack for thread: 0x00007f153c0a8000
RSI=0x000000000000000c is an unknown value
RDI=0x00000000ed8b6860 is an oop
java.lang.String 
 - klass: 'java/lang/String'
R8 =0x0000000000000000 is an unknown value
R9 =0x0000000000000001 is an unknown value
R10=0x0000000000000000 is an unknown value
R11=0x00007f1543625e00: <offset 0x64fe00> in /opt/jdk1.7.0_80/jre/lib/amd64/server/libjvm.so at 0x00007f1542fd6000
R12=0x0000000000000000 is an unknown value
R13=0x00007f153c0a8000 is a thread
R14=0x00007f15361bba90 is pointing into the stack for thread: 0x00007f153c0a8000
R15=0x0000000000000000 is an unknown value


Stack: [0x00007f15360bc000,0x00007f15361bd000],  sp=0x00007f15361bb990,  free space=1022k
Native frames: (J=compiled Java code, j=interpreted, Vv=VM code, C=native code)
V  [libjvm.so+0x605c19]  java_lang_String::utf8_length(oopDesc*)+0xd9
V  [libjvm.so+0x657feb]  jni_GetStringUTFChars+0xab
C  [libjdwp.so+0x93b2]  value+0x92
C  [libjdwp.so+0x11976]  debugLoop_run+0x2b6
C  [libjdwp.so+0x243af]  attachThread+0x2f
V  [libjvm.so+0x6ffad7]  JvmtiAgentThread::call_start_function()+0x97
V  [libjvm.so+0x95bfff]  JavaThread::thread_main_inner()+0xdf
V  [libjvm.so+0x95c105]  JavaThread::run()+0xf5
V  [libjvm.so+0x8238c8]  java_start(Thread*)+0x108


---------------  P R O C E S S  ---------------

Java Threads: ( => current thread )
  0x00007f153c4d9000 JavaThread "pool-1-thread-1" [_thread_blocked, id=23591, stack(0x00007f15352c1000,0x00007f15353c2000)]
  0x00007f153c0b3800 JavaThread "Service Thread" daemon [_thread_blocked, id=22131, stack(0x00007f1535bb7000,0x00007f1535cb8000)]
  0x00007f153c0b1000 JavaThread "C2 CompilerThread1" daemon [_thread_blocked, id=22130, stack(0x00007f1535cb8000,0x00007f1535db9000)]
  0x00007f153c0ae000 JavaThread "C2 CompilerThread0" daemon [_thread_blocked, id=22129, stack(0x00007f1535db9000,0x00007f1535eba000)]
  0x00007f1514001000 JavaThread "JDWP Command Reader" daemon [_thread_in_native, id=22126, stack(0x00007f1535eba000,0x00007f1535fbb000)]
  0x00007f153c0ac000 JavaThread "JDWP Event Helper Thread" daemon [_thread_blocked, id=22125, stack(0x00007f1535fbb000,0x00007f15360bc000)]
=>0x00007f153c0a8000 JavaThread "JDWP Transport Listener: dt_socket" daemon [_thread_in_vm, id=22122, stack(0x00007f15360bc000,0x00007f15361bd000)]
  0x00007f153c09a800 JavaThread "Signal Dispatcher" daemon [_thread_blocked, id=22120, stack(0x00007f15363c1000,0x00007f15364c2000)]
  0x00007f153c072800 JavaThread "Finalizer" daemon [_thread_blocked, id=22119, stack(0x00007f15364c2000,0x00007f15365c3000)]
  0x00007f153c070800 JavaThread "Reference Handler" daemon [_thread_blocked, id=22118, stack(0x00007f15365c3000,0x00007f15366c4000)]
  0x00007f153c00c800 JavaThread "main" [_thread_blocked, id=22109, stack(0x00007f1544940000,0x00007f1544a41000)]

Other Threads:
  0x00007f153c06c000 VMThread [stack: 0x00007f15366c4000,0x00007f15367c5000] [id=22117]
  0x00007f153c0be000 WatcherThread [stack: 0x00007f1535ab6000,0x00007f1535bb7000] [id=22132]

VM state:not at safepoint (normal execution)

VM Mutex/Monitor currently owned by a thread: None

Heap
 PSYoungGen      total 17408K, used 10063K [0x00000000ed100000, 0x00000000eed00000, 0x0000000100000000)
  eden space 15360K, 52% used [0x00000000ed100000,0x00000000ed8d62e8,0x00000000ee000000)
  from space 2048K, 99% used [0x00000000ee000000,0x00000000ee1fdc70,0x00000000ee200000)
  to   space 6656K, 0% used [0x00000000ee680000,0x00000000ee680000,0x00000000eed00000)
 ParOldGen       total 38400K, used 9222K [0x00000000c7400000, 0x00000000c9980000, 0x00000000ed100000)
  object space 38400K, 24% used [0x00000000c7400000,0x00000000c7d018e8,0x00000000c9980000)
 PSPermGen       total 22016K, used 21720K [0x00000000c2200000, 0x00000000c3780000, 0x00000000c7400000)
  object space 22016K, 98% used [0x00000000c2200000,0x00000000c3736228,0x00000000c3780000)

Card table byte_map: [0x00007f15410c3000,0x00007f15412b3000] byte_map_base: 0x00007f1540ab2000

Polling page: 0x00007f1544a6b000

Code Cache  [0x00007f1539000000, 0x00007f1539270000, 0x00007f153c000000)
 total_blobs=568 nmethods=186 adapters=344 free_code_cache=48179Kb largest_free_block=49306880

Compilation events (10 events):
Event: 354,607 Thread 0x00007f153c0ae000  185             java.util.ArrayList::add (29 bytes)
Event: 354,612 Thread 0x00007f153c0ae000 nmethod 185 0x00007f15390ec210 code [0x00007f15390ec380, 0x00007f15390ec788]
Event: 355,012 Thread 0x00007f153c0b1000  186             java.lang.reflect.Method::getReturnType (5 bytes)
Event: 355,013 Thread 0x00007f153c0b1000 nmethod 186 0x00007f153905f8d0 code [0x00007f153905fa00, 0x00007f153905fa58]
Event: 355,024 Thread 0x00007f153c0ae000  187             java.lang.reflect.Method::getDeclaringClass (5 bytes)
Event: 355,025 Thread 0x00007f153c0ae000 nmethod 187 0x00007f15390ee550 code [0x00007f15390ee680, 0x00007f15390ee6d8]
Event: 355,037 Thread 0x00007f153c0b1000  188             java.lang.Class$MethodArray::addIfNotPresent (47 bytes)
Event: 355,047 Thread 0x00007f153c0b1000 nmethod 188 0x00007f15390f6d50 code [0x00007f15390f6ee0, 0x00007f15390f75b8]
Event: 355,047 Thread 0x00007f153c0ae000  189             java.lang.Class$MethodArray::removeByNameAndSignature (71 bytes)
Event: 355,053 Thread 0x00007f153c0ae000 nmethod 189 0x00007f15390f9910 code [0x00007f15390f9aa0, 0x00007f15390f9f68]

GC Heap History (10 events):
Event: 323,534 GC heap before
{Heap before GC invocations=1 (full 0):
 PSYoungGen      total 17408K, used 15337K [0x00000000ed100000, 0x00000000ee400000, 0x0000000100000000)
  eden space 15360K, 99% used [0x00000000ed100000,0x00000000edffa440,0x00000000ee000000)
  from space 2048K, 0% used [0x00000000ee200000,0x00000000ee200000,0x00000000ee400000)
  to   space 2048K, 0% used [0x00000000ee000000,0x00000000ee000000,0x00000000ee200000)
 ParOldGen       total 38400K, used 0K [0x00000000c7400000, 0x00000000c9980000, 0x00000000ed100000)
  object space 38400K, 0% used [0x00000000c7400000,0x00000000c7400000,0x00000000c9980000)
 PSPermGen       total 21504K, used 4328K [0x00000000c2200000, 0x00000000c3700000, 0x00000000c7400000)
  object space 21504K, 20% used [0x00000000c2200000,0x00000000c263a3b0,0x00000000c3700000)
Event: 323,539 GC heap after
Heap after GC invocations=1 (full 0):
 PSYoungGen      total 17408K, used 1064K [0x00000000ed100000, 0x00000000ee400000, 0x0000000100000000)
  eden space 15360K, 0% used [0x00000000ed100000,0x00000000ed100000,0x00000000ee000000)
  from space 2048K, 51% used [0x00000000ee000000,0x00000000ee10a110,0x00000000ee200000)
  to   space 2048K, 0% used [0x00000000ee200000,0x00000000ee200000,0x00000000ee400000)
 ParOldGen       total 38400K, used 0K [0x00000000c7400000, 0x00000000c9980000, 0x00000000ed100000)
  object space 38400K, 0% used [0x00000000c7400000,0x00000000c7400000,0x00000000c9980000)
 PSPermGen       total 21504K, used 4328K [0x00000000c2200000, 0x00000000c3700000, 0x00000000c7400000)
  object space 21504K, 20% used [0x00000000c2200000,0x00000000c263a3b0,0x00000000c3700000)
}
Event: 330,524 GC heap before
{Heap before GC invocations=2 (full 0):
 PSYoungGen      total 17408K, used 16424K [0x00000000ed100000, 0x00000000ee400000, 0x0000000100000000)
  eden space 15360K, 100% used [0x00000000ed100000,0x00000000ee000000,0x00000000ee000000)
  from space 2048K, 51% used [0x00000000ee000000,0x00000000ee10a110,0x00000000ee200000)
  to   space 2048K, 0% used [0x00000000ee200000,0x00000000ee200000,0x00000000ee400000)
 ParOldGen       total 38400K, used 0K [0x00000000c7400000, 0x00000000c9980000, 0x00000000ed100000)
  object space 38400K, 0% used [0x00000000c7400000,0x00000000c7400000,0x00000000c9980000)
 PSPermGen       total 21504K, used 9761K [0x00000000c2200000, 0x00000000c3700000, 0x00000000c7400000)
  object space 21504K, 45% used [0x00000000c2200000,0x00000000c2b88510,0x00000000c3700000)
Event: 330,530 GC heap after
Heap after GC invocations=2 (full 0):
 PSYoungGen      total 17408K, used 2044K [0x00000000ed100000, 0x00000000ee400000, 0x0000000100000000)
  eden space 15360K, 0% used [0x00000000ed100000,0x00000000ed100000,0x00000000ee000000)
  from space 2048K, 99% used [0x00000000ee200000,0x00000000ee3ff1b8,0x00000000ee400000)
  to   space 2048K, 0% used [0x00000000ee000000,0x00000000ee000000,0x00000000ee200000)
 ParOldGen       total 38400K, used 1502K [0x00000000c7400000, 0x00000000c9980000, 0x00000000ed100000)
  object space 38400K, 3% used [0x00000000c7400000,0x00000000c7577b70,0x00000000c9980000)
 PSPermGen       total 21504K, used 9761K [0x00000000c2200000, 0x00000000c3700000, 0x00000000c7400000)
  object space 21504K, 45% used [0x00000000c2200000,0x00000000c2b88510,0x00000000c3700000)
}
Event: 341,844 GC heap before
{Heap before GC invocations=3 (full 0):
 PSYoungGen      total 17408K, used 17404K [0x00000000ed100000, 0x00000000ee400000, 0x0000000100000000)
  eden space 15360K, 100% used [0x00000000ed100000,0x00000000ee000000,0x00000000ee000000)
  from space 2048K, 99% used [0x00000000ee200000,0x00000000ee3ff1b8,0x00000000ee400000)
  to   space 2048K, 0% used [0x00000000ee000000,0x00000000ee000000,0x00000000ee200000)
 ParOldGen       total 38400K, used 1502K [0x00000000c7400000, 0x00000000c9980000, 0x00000000ed100000)
  object space 38400K, 3% used [0x00000000c7400000,0x00000000c7577b70,0x00000000c9980000)
 PSPermGen       total 21504K, used 14763K [0x00000000c2200000, 0x00000000c3700000, 0x00000000c7400000)
  object space 21504K, 68% used [0x00000000c2200000,0x00000000c306ade8,0x00000000c3700000)
Event: 341,855 GC heap after
Heap after GC invocations=3 (full 0):
 PSYoungGen      total 17408K, used 2022K [0x00000000ed100000, 0x00000000ee400000, 0x0000000100000000)
  eden space 15360K, 0% used [0x00000000ed100000,0x00000000ed100000,0x00000000ee000000)
  from space 2048K, 98% used [0x00000000ee000000,0x00000000ee1f9900,0x00000000ee200000)
  to   space 2048K, 0% used [0x00000000ee200000,0x00000000ee200000,0x00000000ee400000)
 ParOldGen       total 38400K, used 4144K [0x00000000c7400000, 0x00000000c9980000, 0x00000000ed100000)
  object space 38400K, 10% used [0x00000000c7400000,0x00000000c780c140,0x00000000c9980000)
 PSPermGen       total 21504K, used 14763K [0x00000000c2200000, 0x00000000c3700000, 0x00000000c7400000)
  object space 21504K, 68% used [0x00000000c2200000,0x00000000c306ade8,0x00000000c3700000)
}
Event: 347,151 GC heap before
{Heap before GC invocations=4 (full 0):
 PSYoungGen      total 17408K, used 17382K [0x00000000ed100000, 0x00000000ee400000, 0x0000000100000000)
  eden space 15360K, 100% used [0x00000000ed100000,0x00000000ee000000,0x00000000ee000000)
  from space 2048K, 98% used [0x00000000ee000000,0x00000000ee1f9900,0x00000000ee200000)
  to   space 2048K, 0% used [0x00000000ee200000,0x00000000ee200000,0x00000000ee400000)
 ParOldGen       total 38400K, used 4144K [0x00000000c7400000, 0x00000000c9980000, 0x00000000ed100000)
  object space 38400K, 10% used [0x00000000c7400000,0x00000000c780c140,0x00000000c9980000)
 PSPermGen       total 21504K, used 19266K [0x00000000c2200000, 0x00000000c3700000, 0x00000000c7400000)
  object space 21504K, 89% used [0x00000000c2200000,0x00000000c34d09b0,0x00000000c3700000)
Event: 347,162 GC heap after
Heap after GC invocations=4 (full 0):
 PSYoungGen      total 17408K, used 2039K [0x00000000ed100000, 0x00000000ee400000, 0x0000000100000000)
  eden space 15360K, 0% used [0x00000000ed100000,0x00000000ed100000,0x00000000ee000000)
  from space 2048K, 99% used [0x00000000ee200000,0x00000000ee3fdc70,0x00000000ee400000)
  to   space 2048K, 0% used [0x00000000ee000000,0x00000000ee000000,0x00000000ee200000)
 ParOldGen       total 38400K, used 7313K [0x00000000c7400000, 0x00000000c9980000, 0x00000000ed100000)
  object space 38400K, 19% used [0x00000000c7400000,0x00000000c7b24570,0x00000000c9980000)
 PSPermGen       total 21504K, used 19266K [0x00000000c2200000, 0x00000000c3700000, 0x00000000c7400000)
  object space 21504K, 89% used [0x00000000c2200000,0x00000000c34d09b0,0x00000000c3700000)
}
Event: 352,904 GC heap before
{Heap before GC invocations=5 (full 0):
 PSYoungGen      total 17408K, used 17399K [0x00000000ed100000, 0x00000000ee400000, 0x0000000100000000)
  eden space 15360K, 100% used [0x00000000ed100000,0x00000000ee000000,0x00000000ee000000)
  from space 2048K, 99% used [0x00000000ee200000,0x00000000ee3fdc70,0x00000000ee400000)
  to   space 2048K, 0% used [0x00000000ee000000,0x00000000ee000000,0x00000000ee200000)
 ParOldGen       total 38400K, used 7313K [0x00000000c7400000, 0x00000000c9980000, 0x00000000ed100000)
  object space 38400K, 19% used [0x00000000c7400000,0x00000000c7b24570,0x00000000c9980000)
 PSPermGen       total 22016K, used 21506K [0x00000000c2200000, 0x00000000c3780000, 0x00000000c7400000)
  object space 22016K, 97% used [0x00000000c2200000,0x00000000c3700a60,0x00000000c3780000)
Event: 352,914 GC heap after
Heap after GC invocations=5 (full 0):
 PSYoungGen      total 17408K, used 2039K [0x00000000ed100000, 0x00000000eed00000, 0x0000000100000000)
  eden space 15360K, 0% used [0x00000000ed100000,0x00000000ed100000,0x00000000ee000000)
  from space 2048K, 99% used [0x00000000ee000000,0x00000000ee1fdc70,0x00000000ee200000)
  to   space 6656K, 0% used [0x00000000ee680000,0x00000000ee680000,0x00000000eed00000)
 ParOldGen       total 38400K, used 9222K [0x00000000c7400000, 0x00000000c9980000, 0x00000000ed100000)
  object space 38400K, 24% used [0x00000000c7400000,0x00000000c7d018e8,0x00000000c9980000)
 PSPermGen       total 22016K, used 21506K [0x00000000c2200000, 0x00000000c3780000, 0x00000000c7400000)
  object space 22016K, 97% used [0x00000000c2200000,0x00000000c3700a60,0x00000000c3780000)
}

Deoptimization events (3 events):
Event: 0,227 Thread 0x00007f153c00c800 Uncommon trap: reason=unstable_if action=reinterpret pc=0x00007f153905fb50 method=java.lang.String.indexOf(II)I @ 49
Event: 0,229 Thread 0x00007f153c00c800 Uncommon trap: reason=unstable_if action=reinterpret pc=0x00007f15390626f8 method=java.lang.String.indexOf([CII[CIII)I @ 123
Event: 0,296 Thread 0x00007f153c00c800 Uncommon trap: reason=unstable_if action=reinterpret pc=0x00007f1539063578 method=java.lang.String.indexOf([CII[CIII)I @ 134

Internal exceptions (10 events):
Event: 354,954 Thread 0x00007f153c00c800 Threw 0x00000000ed8804d8 at /HUDSON/workspace/7u-2-build-linux-amd64/jdk7u80/2329/hotspot/src/share/vm/prims/jvm.cpp:1319
Event: 354,962 Thread 0x00007f153c00c800 Threw 0x00000000ed894448 at /HUDSON/workspace/7u-2-build-linux-amd64/jdk7u80/2329/hotspot/src/share/vm/prims/jvm.cpp:1319
Event: 354,968 Thread 0x00007f153c00c800 Threw 0x00000000ed897488 at /HUDSON/workspace/7u-2-build-linux-amd64/jdk7u80/2329/hotspot/src/share/vm/prims/jvm.cpp:1319
Event: 354,973 Thread 0x00007f153c00c800 Threw 0x00000000ed89a580 at /HUDSON/workspace/7u-2-build-linux-amd64/jdk7u80/2329/hotspot/src/share/vm/prims/jvm.cpp:1319
Event: 354,980 Thread 0x00007f153c00c800 Threw 0x00000000ed89da40 at /HUDSON/workspace/7u-2-build-linux-amd64/jdk7u80/2329/hotspot/src/share/vm/prims/jvm.cpp:1319
Event: 354,986 Thread 0x00007f153c00c800 Threw 0x00000000ed8a0e18 at /HUDSON/workspace/7u-2-build-linux-amd64/jdk7u80/2329/hotspot/src/share/vm/prims/jvm.cpp:1319
Event: 354,992 Thread 0x00007f153c00c800 Threw 0x00000000ed8a42c0 at /HUDSON/workspace/7u-2-build-linux-amd64/jdk7u80/2329/hotspot/src/share/vm/prims/jvm.cpp:1319
Event: 354,998 Thread 0x00007f153c00c800 Threw 0x00000000ed8a6ea8 at /HUDSON/workspace/7u-2-build-linux-amd64/jdk7u80/2329/hotspot/src/share/vm/prims/jvm.cpp:1319
Event: 355,000 Thread 0x00007f153c00c800 Threw 0x00000000ed8a7690 at /HUDSON/workspace/7u-2-build-linux-amd64/jdk7u80/2329/hotspot/src/share/vm/prims/jvm.cpp:1319
Event: 355,005 Thread 0x00007f153c00c800 Threw 0x00000000ed8aa1e8 at /HUDSON/workspace/7u-2-build-linux-amd64/jdk7u80/2329/hotspot/src/share/vm/prims/jvm.cpp:1319

Events (10 events):
Event: 628,177 Executing VM operation: GetCurrentLocation
Event: 628,177 Executing VM operation: GetCurrentLocation done
Event: 628,177 Executing VM operation: ChangeSingleStep
Event: 628,177 Executing VM operation: ChangeSingleStep done
Event: 628,178 Executing VM operation: ChangeSingleStep
Event: 628,178 Executing VM operation: ChangeSingleStep done
Event: 628,198 Executing VM operation: GetOrSetLocal
Event: 628,198 Executing VM operation: GetOrSetLocal done
Event: 628,203 Executing VM operation: GetOrSetLocal
Event: 628,203 Executing VM operation: GetOrSetLocal done


Dynamic libraries:
00400000-00401000 r-xp 00000000 fc:02 1449787                            /opt/jdk1.7.0_80/bin/java
00600000-00601000 rw-p 00000000 fc:02 1449787                            /opt/jdk1.7.0_80/bin/java
022bb000-022dc000 rw-p 00000000 00:00 0                                  [heap]
c2200000-c3780000 rw-p 00000000 00:00 0 
c3780000-c7400000 rw-p 00000000 00:00 0 
c7400000-c9980000 rw-p 00000000 00:00 0 
c9980000-ed100000 rw-p 00000000 00:00 0 
ed100000-eed00000 rw-p 00000000 00:00 0 
eed00000-100000000 rw-p 00000000 00:00 0 
7f14f0000000-7f14f0021000 rw-p 00000000 00:00 0 
7f14f0021000-7f14f4000000 ---p 00000000 00:00 0 
7f14f8000000-7f14f8021000 rw-p 00000000 00:00 0 
7f14f8021000-7f14fc000000 ---p 00000000 00:00 0 
7f14fc000000-7f14fc021000 rw-p 00000000 00:00 0 
7f14fc021000-7f1500000000 ---p 00000000 00:00 0 
7f1500000000-7f15006b9000 rw-p 00000000 00:00 0 
7f15006b9000-7f1504000000 ---p 00000000 00:00 0 
7f1504000000-7f1504616000 rw-p 00000000 00:00 0 
7f1504616000-7f1508000000 ---p 00000000 00:00 0 
7f1508000000-7f1508021000 rw-p 00000000 00:00 0 
7f1508021000-7f150c000000 ---p 00000000 00:00 0 
7f150c000000-7f150c021000 rw-p 00000000 00:00 0 
7f150c021000-7f1510000000 ---p 00000000 00:00 0 
7f1510000000-7f1510021000 rw-p 00000000 00:00 0 
7f1510021000-7f1514000000 ---p 00000000 00:00 0 
7f1514000000-7f1514268000 rw-p 00000000 00:00 0 
7f1514268000-7f1518000000 ---p 00000000 00:00 0 
7f1518000000-7f1518021000 rw-p 00000000 00:00 0 
7f1518021000-7f151c000000 ---p 00000000 00:00 0 
7f151c000000-7f151c021000 rw-p 00000000 00:00 0 
7f151c021000-7f1520000000 ---p 00000000 00:00 0 
7f1520000000-7f1520021000 rw-p 00000000 00:00 0 
7f1520021000-7f1524000000 ---p 00000000 00:00 0 
7f1524000000-7f1524021000 rw-p 00000000 00:00 0 
7f1524021000-7f1528000000 ---p 00000000 00:00 0 
7f1528000000-7f1528021000 rw-p 00000000 00:00 0 
7f1528021000-7f152c000000 ---p 00000000 00:00 0 
7f152c000000-7f152c021000 rw-p 00000000 00:00 0 
7f152c021000-7f1530000000 ---p 00000000 00:00 0 
7f1530000000-7f1530021000 rw-p 00000000 00:00 0 
7f1530021000-7f1534000000 ---p 00000000 00:00 0 
7f15352c0000-7f15352c1000 rw-p 00000000 00:00 0 
7f15352c1000-7f15352c4000 ---p 00000000 00:00 0 
7f15352c4000-7f15353c2000 rw-p 00000000 00:00 0                          [stack:23591]
7f15353c2000-7f15353c6000 r--s 0008b000 fc:02 1317176                    /opt/jdk1.7.0_80/jre/lib/jsse.jar
7f15353c6000-7f15353ce000 r-xp 00000000 fc:02 1447751                    /opt/jdk1.7.0_80/jre/lib/amd64/libmanagement.so
7f15353ce000-7f15355cd000 ---p 00008000 fc:02 1447751                    /opt/jdk1.7.0_80/jre/lib/amd64/libmanagement.so
7f15355cd000-7f15355ce000 rw-p 00007000 fc:02 1447751                    /opt/jdk1.7.0_80/jre/lib/amd64/libmanagement.so
7f15355ce000-7f15355d8000 r--s 00253000 fc:02 1317154                    /opt/jdk1.7.0_80/jre/lib/resources.jar
7f15355d8000-7f1535609000 rw-p 00000000 00:00 0 
7f1535609000-7f1535620000 r-xp 00000000 fc:02 1447778                    /opt/jdk1.7.0_80/jre/lib/amd64/libnet.so
7f1535620000-7f153581f000 ---p 00017000 fc:02 1447778                    /opt/jdk1.7.0_80/jre/lib/amd64/libnet.so
7f153581f000-7f1535820000 rw-p 00016000 fc:02 1447778                    /opt/jdk1.7.0_80/jre/lib/amd64/libnet.so
7f1535820000-7f1535830000 r-xp 00000000 fc:02 1447743                    /opt/jdk1.7.0_80/jre/lib/amd64/libnio.so
7f1535830000-7f1535a30000 ---p 00010000 fc:02 1447743                    /opt/jdk1.7.0_80/jre/lib/amd64/libnio.so
7f1535a30000-7f1535a31000 rw-p 00010000 fc:02 1447743                    /opt/jdk1.7.0_80/jre/lib/amd64/libnio.so
7f1535a31000-7f1535a37000 r--s 00036000 fc:02 1181722                    /opt/eclipse/plugins/org.junit_4.11.0.v201303080030/junit.jar
7f1535a37000-7f1535a40000 r--s 0006f000 fc:01 19924250                   /home/giovanton/Descargas/apache-log4j-1.2.17/log4j-1.2.17.jar
7f1535a40000-7f1535a9f000 r--s 004ab000 fc:01 19267960                   /home/giovanton/Descargas/hibernate-release-4.3.10.Final/lib/required/hibernate-core-4.3.10.Final.jar
7f1535a9f000-7f1535ab6000 r--s 00286000 fc:01 19137053                   /home/giovanton/Descargas/ojdbc6.jar
7f1535ab6000-7f1535ab7000 ---p 00000000 00:00 0 
7f1535ab7000-7f1535bb7000 rw-p 00000000 00:00 0                          [stack:22132]
7f1535bb7000-7f1535bba000 ---p 00000000 00:00 0 
7f1535bba000-7f1535cb8000 rw-p 00000000 00:00 0                          [stack:22131]
7f1535cb8000-7f1535cbb000 ---p 00000000 00:00 0 
7f1535cbb000-7f1535db9000 rw-p 00000000 00:00 0                          [stack:22130]
7f1535db9000-7f1535dbc000 ---p 00000000 00:00 0 
7f1535dbc000-7f1535eba000 rw-p 00000000 00:00 0                          [stack:22129]
7f1535eba000-7f1535ebd000 ---p 00000000 00:00 0 
7f1535ebd000-7f1535fbb000 rw-p 00000000 00:00 0                          [stack:22126]
7f1535fbb000-7f1535fbe000 ---p 00000000 00:00 0 
7f1535fbe000-7f15360bc000 rw-p 00000000 00:00 0                          [stack:22125]
7f15360bc000-7f15360bf000 ---p 00000000 00:00 0 
7f15360bf000-7f15361bd000 rw-p 00000000 00:00 0                          [stack:22122]
7f15361bd000-7f15361c1000 r-xp 00000000 fc:02 1447792                    /opt/jdk1.7.0_80/jre/lib/amd64/libdt_socket.so
7f15361c1000-7f15363c0000 ---p 00004000 fc:02 1447792                    /opt/jdk1.7.0_80/jre/lib/amd64/libdt_socket.so
7f15363c0000-7f15363c1000 rw-p 00003000 fc:02 1447792                    /opt/jdk1.7.0_80/jre/lib/amd64/libdt_socket.so
7f15363c1000-7f15363c4000 ---p 00000000 00:00 0 
7f15363c4000-7f15364c2000 rw-p 00000000 00:00 0                          [stack:22120]
7f15364c2000-7f15364c5000 ---p 00000000 00:00 0 
7f15364c5000-7f15365c3000 rw-p 00000000 00:00 0                          [stack:22119]
7f15365c3000-7f15365c6000 ---p 00000000 00:00 0 
7f15365c6000-7f15366c4000 rw-p 00000000 00:00 0                          [stack:22118]
7f15366c4000-7f15366c5000 ---p 00000000 00:00 0 
7f15366c5000-7f1539000000 rw-p 00000000 00:00 0                          [stack:22117]
7f1539000000-7f1539270000 rwxp 00000000 00:00 0 
7f1539270000-7f153c86f000 rw-p 00000000 00:00 0 
7f153c86f000-7f1540000000 ---p 00000000 00:00 0 
7f1540000000-7f1540001000 rw-p 00000000 00:00 0 
7f1540001000-7f154000b000 r--s 000a5000 fc:01 19267958                   /home/giovanton/Descargas/hibernate-release-4.3.10.Final/lib/required/javassist-3.18.1-GA.jar
7f154000b000-7f15406bf000 rw-p 00000000 00:00 0 
7f15406bf000-7f154087f000 r--s 039fb000 fc:02 1317181                    /opt/jdk1.7.0_80/jre/lib/rt.jar
7f154087f000-7f1540b67000 rw-p 00000000 00:00 0 
7f1540b67000-7f1540b68000 ---p 00000000 00:00 0 
7f1540b68000-7f1540c68000 rw-p 00000000 00:00 0                          [stack:22113]
7f1540c68000-7f1540c69000 ---p 00000000 00:00 0 
7f1540c69000-7f1540d69000 rw-p 00000000 00:00 0                          [stack:22112]
7f1540d69000-7f1540d6a000 ---p 00000000 00:00 0 
7f1540d6a000-7f1540e6a000 rw-p 00000000 00:00 0                          [stack:22111]
7f1540e6a000-7f1540e6b000 ---p 00000000 00:00 0 
7f1540e6b000-7f1540f76000 rw-p 00000000 00:00 0                          [stack:22110]
7f1540f76000-7f1540f94000 rw-p 00000000 00:00 0 
7f1540f94000-7f1540fa7000 rw-p 00000000 00:00 0 
7f1540fa7000-7f15410c3000 rw-p 00000000 00:00 0 
7f15410c3000-7f15410ce000 rw-p 00000000 00:00 0 
7f15410ce000-7f15410ec000 rw-p 00000000 00:00 0 
7f15410ec000-7f15410ff000 rw-p 00000000 00:00 0 
7f15410ff000-7f154121a000 rw-p 00000000 00:00 0 
7f154121a000-7f1541229000 rw-p 00000000 00:00 0 
7f1541229000-7f15412b2000 rw-p 00000000 00:00 0 
7f15412b2000-7f15412b3000 rw-p 00000000 00:00 0 
7f15412b3000-7f15412ca000 r-xp 00000000 fc:02 1447772                    /opt/jdk1.7.0_80/jre/lib/amd64/libzip.so
7f15412ca000-7f15414ca000 ---p 00017000 fc:02 1447772                    /opt/jdk1.7.0_80/jre/lib/amd64/libzip.so
7f15414ca000-7f15414cb000 rw-p 00017000 fc:02 1447772                    /opt/jdk1.7.0_80/jre/lib/amd64/libzip.so
7f15414cb000-7f15414d6000 r-xp 00000000 fc:02 2621648                    /lib/x86_64-linux-gnu/libnss_files-2.19.so
7f15414d6000-7f15416d5000 ---p 0000b000 fc:02 2621648                    /lib/x86_64-linux-gnu/libnss_files-2.19.so
7f15416d5000-7f15416d6000 r--p 0000a000 fc:02 2621648                    /lib/x86_64-linux-gnu/libnss_files-2.19.so
7f15416d6000-7f15416d7000 rw-p 0000b000 fc:02 2621648                    /lib/x86_64-linux-gnu/libnss_files-2.19.so
7f15416d7000-7f15416e2000 r-xp 00000000 fc:02 2621668                    /lib/x86_64-linux-gnu/libnss_nis-2.19.so
7f15416e2000-7f15418e1000 ---p 0000b000 fc:02 2621668                    /lib/x86_64-linux-gnu/libnss_nis-2.19.so
7f15418e1000-7f15418e2000 r--p 0000a000 fc:02 2621668                    /lib/x86_64-linux-gnu/libnss_nis-2.19.so
7f15418e2000-7f15418e3000 rw-p 0000b000 fc:02 2621668                    /lib/x86_64-linux-gnu/libnss_nis-2.19.so
7f15418e3000-7f15418fa000 r-xp 00000000 fc:02 2621657                    /lib/x86_64-linux-gnu/libnsl-2.19.so
7f15418fa000-7f1541af9000 ---p 00017000 fc:02 2621657                    /lib/x86_64-linux-gnu/libnsl-2.19.so
7f1541af9000-7f1541afa000 r--p 00016000 fc:02 2621657                    /lib/x86_64-linux-gnu/libnsl-2.19.so
7f1541afa000-7f1541afb000 rw-p 00017000 fc:02 2621657                    /lib/x86_64-linux-gnu/libnsl-2.19.so
7f1541afb000-7f1541afd000 rw-p 00000000 00:00 0 
7f1541afd000-7f1541b06000 r-xp 00000000 fc:02 2621656                    /lib/x86_64-linux-gnu/libnss_compat-2.19.so
7f1541b06000-7f1541d05000 ---p 00009000 fc:02 2621656                    /lib/x86_64-linux-gnu/libnss_compat-2.19.so
7f1541d05000-7f1541d06000 r--p 00008000 fc:02 2621656                    /lib/x86_64-linux-gnu/libnss_compat-2.19.so
7f1541d06000-7f1541d07000 rw-p 00009000 fc:02 2621656                    /lib/x86_64-linux-gnu/libnss_compat-2.19.so
7f1541d07000-7f1542251000 r--p 00000000 fc:02 2235478                    /usr/lib/locale/locale-archive
7f1542251000-7f1542253000 r-xp 00000000 fc:02 1447797                    /opt/jdk1.7.0_80/jre/lib/amd64/libnpt.so
7f1542253000-7f1542453000 ---p 00002000 fc:02 1447797                    /opt/jdk1.7.0_80/jre/lib/amd64/libnpt.so
7f1542453000-7f1542454000 rw-p 00002000 fc:02 1447797                    /opt/jdk1.7.0_80/jre/lib/amd64/libnpt.so
7f1542454000-7f154248d000 r-xp 00000000 fc:02 1447745                    /opt/jdk1.7.0_80/jre/lib/amd64/libjdwp.so
7f154248d000-7f154268d000 ---p 00039000 fc:02 1447745                    /opt/jdk1.7.0_80/jre/lib/amd64/libjdwp.so
7f154268d000-7f154268e000 rw-p 00039000 fc:02 1447745                    /opt/jdk1.7.0_80/jre/lib/amd64/libjdwp.so
7f154268e000-7f154268f000 rw-p 00000000 00:00 0 
7f154268f000-7f15426b8000 r-xp 00000000 fc:02 1447738                    /opt/jdk1.7.0_80/jre/lib/amd64/libjava.so
7f15426b8000-7f15428b8000 ---p 00029000 fc:02 1447738                    /opt/jdk1.7.0_80/jre/lib/amd64/libjava.so
7f15428b8000-7f15428ba000 rw-p 00029000 fc:02 1447738                    /opt/jdk1.7.0_80/jre/lib/amd64/libjava.so
7f15428ba000-7f15428c7000 r-xp 00000000 fc:02 1447765                    /opt/jdk1.7.0_80/jre/lib/amd64/libverify.so
7f15428c7000-7f1542ac6000 ---p 0000d000 fc:02 1447765                    /opt/jdk1.7.0_80/jre/lib/amd64/libverify.so
7f1542ac6000-7f1542ac8000 rw-p 0000c000 fc:02 1447765                    /opt/jdk1.7.0_80/jre/lib/amd64/libverify.so
7f1542ac8000-7f1542acf000 r-xp 00000000 fc:02 2621665                    /lib/x86_64-linux-gnu/librt-2.19.so
7f1542acf000-7f1542cce000 ---p 00007000 fc:02 2621665                    /lib/x86_64-linux-gnu/librt-2.19.so
7f1542cce000-7f1542ccf000 r--p 00006000 fc:02 2621665                    /lib/x86_64-linux-gnu/librt-2.19.so
7f1542ccf000-7f1542cd0000 rw-p 00007000 fc:02 2621665                    /lib/x86_64-linux-gnu/librt-2.19.so
7f1542cd0000-7f1542dd5000 r-xp 00000000 fc:02 2621647                    /lib/x86_64-linux-gnu/libm-2.19.so
7f1542dd5000-7f1542fd4000 ---p 00105000 fc:02 2621647                    /lib/x86_64-linux-gnu/libm-2.19.so
7f1542fd4000-7f1542fd5000 r--p 00104000 fc:02 2621647                    /lib/x86_64-linux-gnu/libm-2.19.so
7f1542fd5000-7f1542fd6000 rw-p 00105000 fc:02 2621647                    /lib/x86_64-linux-gnu/libm-2.19.so
7f1542fd6000-7f1543b4c000 r-xp 00000000 fc:02 1447795                    /opt/jdk1.7.0_80/jre/lib/amd64/server/libjvm.so
7f1543b4c000-7f1543d4b000 ---p 00b76000 fc:02 1447795                    /opt/jdk1.7.0_80/jre/lib/amd64/server/libjvm.so
7f1543d4b000-7f1543e0f000 rw-p 00b75000 fc:02 1447795                    /opt/jdk1.7.0_80/jre/lib/amd64/server/libjvm.so
7f1543e0f000-7f1543e50000 rw-p 00000000 00:00 0 
7f1543e50000-7f154400b000 r-xp 00000000 fc:02 2621662                    /lib/x86_64-linux-gnu/libc-2.19.so
7f154400b000-7f154420a000 ---p 001bb000 fc:02 2621662                    /lib/x86_64-linux-gnu/libc-2.19.so
7f154420a000-7f154420e000 r--p 001ba000 fc:02 2621662                    /lib/x86_64-linux-gnu/libc-2.19.so
7f154420e000-7f1544210000 rw-p 001be000 fc:02 2621662                    /lib/x86_64-linux-gnu/libc-2.19.so
7f1544210000-7f1544215000 rw-p 00000000 00:00 0 
7f1544215000-7f1544218000 r-xp 00000000 fc:02 2621651                    /lib/x86_64-linux-gnu/libdl-2.19.so
7f1544218000-7f1544417000 ---p 00003000 fc:02 2621651                    /lib/x86_64-linux-gnu/libdl-2.19.so
7f1544417000-7f1544418000 r--p 00002000 fc:02 2621651                    /lib/x86_64-linux-gnu/libdl-2.19.so
7f1544418000-7f1544419000 rw-p 00003000 fc:02 2621651                    /lib/x86_64-linux-gnu/libdl-2.19.so
7f1544419000-7f154442e000 r-xp 00000000 fc:02 1448508                    /opt/jdk1.7.0_80/lib/amd64/jli/libjli.so
7f154442e000-7f154462d000 ---p 00015000 fc:02 1448508                    /opt/jdk1.7.0_80/lib/amd64/jli/libjli.so
7f154462d000-7f154462e000 rw-p 00014000 fc:02 1448508                    /opt/jdk1.7.0_80/lib/amd64/jli/libjli.so
7f154462e000-7f1544647000 r-xp 00000000 fc:02 2621663                    /lib/x86_64-linux-gnu/libpthread-2.19.so
7f1544647000-7f1544846000 ---p 00019000 fc:02 2621663                    /lib/x86_64-linux-gnu/libpthread-2.19.so
7f1544846000-7f1544847000 r--p 00018000 fc:02 2621663                    /lib/x86_64-linux-gnu/libpthread-2.19.so
7f1544847000-7f1544848000 rw-p 00019000 fc:02 2621663                    /lib/x86_64-linux-gnu/libpthread-2.19.so
7f1544848000-7f154484c000 rw-p 00000000 00:00 0 
7f154484c000-7f154486f000 r-xp 00000000 fc:02 2621659                    /lib/x86_64-linux-gnu/ld-2.19.so
7f154486f000-7f1544871000 r--s 0000c000 fc:02 1181967                    /opt/eclipse/plugins/org.hamcrest.core_1.3.0.v201303031735.jar
7f1544871000-7f1544872000 r--s 00006000 fc:01 19267954                   /home/giovanton/Descargas/hibernate-release-4.3.10.Final/lib/required/jboss-transaction-api_1.2_spec-1.0.0.Final.jar
7f1544872000-7f1544874000 r--s 0000c000 fc:01 19267952                   /home/giovanton/Descargas/hibernate-release-4.3.10.Final/lib/required/jboss-logging-3.1.3.GA.jar
7f1544874000-7f1544876000 r--s 00011000 fc:01 19267959                   /home/giovanton/Descargas/hibernate-release-4.3.10.Final/lib/required/jandex-1.1.0.Final.jar
7f1544876000-7f154487b000 r--s 00017000 fc:01 19267957                   /home/giovanton/Descargas/hibernate-release-4.3.10.Final/lib/required/hibernate-jpa-2.1-api-1.0.0.Final.jar
7f154487b000-7f1544880000 r--s 00048000 fc:01 19267955                   /home/giovanton/Descargas/hibernate-release-4.3.10.Final/lib/required/dom4j-1.6.1.jar
7f1544880000-7f154488a000 rw-p 00000000 00:00 0 
7f154488a000-7f1544940000 rw-p 00000000 00:00 0 
7f1544940000-7f1544943000 ---p 00000000 00:00 0 
7f1544943000-7f1544a45000 rw-p 00000000 00:00 0                          [stack:22109]
7f1544a45000-7f1544a46000 r--s 00002000 fc:01 19267953                   /home/giovanton/Descargas/hibernate-release-4.3.10.Final/lib/required/jboss-logging-annotations-1.2.0.Beta1.jar
7f1544a46000-7f1544a49000 r--s 00010000 fc:01 19267956                   /home/giovanton/Descargas/hibernate-release-4.3.10.Final/lib/required/hibernate-commons-annotations-4.0.5.Final.jar
7f1544a49000-7f1544a4e000 r--s 00068000 fc:01 19267951                   /home/giovanton/Descargas/hibernate-release-4.3.10.Final/lib/required/antlr-2.7.7.jar
7f1544a4e000-7f1544a62000 rw-p 00000000 00:00 0 
7f1544a62000-7f1544a6a000 rw-s 00000000 fc:02 657515                     /tmp/hsperfdata_giovanton/22106
7f1544a6a000-7f1544a6b000 rw-p 00000000 00:00 0 
7f1544a6b000-7f1544a6c000 r--p 00000000 00:00 0 
7f1544a6c000-7f1544a6e000 rw-p 00000000 00:00 0 
7f1544a6e000-7f1544a6f000 r--p 00022000 fc:02 2621659                    /lib/x86_64-linux-gnu/ld-2.19.so
7f1544a6f000-7f1544a70000 rw-p 00023000 fc:02 2621659                    /lib/x86_64-linux-gnu/ld-2.19.so
7f1544a70000-7f1544a71000 rw-p 00000000 00:00 0 
7fff0a2b4000-7fff0a2d5000 rw-p 00000000 00:00 0                          [stack]
7fff0a3fe000-7fff0a400000 r-xp 00000000 00:00 0                          [vdso]
ffffffffff600000-ffffffffff601000 r-xp 00000000 00:00 0                  [vsyscall]

VM Arguments:
jvm_args: -agentlib:jdwp=transport=dt_socket,suspend=y,address=localhost:7916 -Dfile.encoding=UTF-8 
java_command: MainSubidaSueldo
Launcher Type: SUN_STANDARD

Environment Variables:
PATH=/usr/local/sbin:/usr/local/bin:/usr/sbin:/usr/bin:/sbin:/bin:/usr/games:/usr/local/games:/opt/eclipse:/opt/jdk1.8.0_31
USERNAME=giovanton
SHELL=/bin/bash
DISPLAY=:0

Signal Handlers:
SIGSEGV: [libjvm.so+0x9a3b20], sa_mask[0]=0x7ffbfeff, sa_flags=0x10000004
SIGBUS: [libjvm.so+0x9a3b20], sa_mask[0]=0x7ffbfeff, sa_flags=0x10000004
SIGFPE: [libjvm.so+0x81e740], sa_mask[0]=0x7ffbfeff, sa_flags=0x10000004
SIGPIPE: [libjvm.so+0x81e740], sa_mask[0]=0x7ffbfeff, sa_flags=0x10000004
SIGXFSZ: [libjvm.so+0x81e740], sa_mask[0]=0x7ffbfeff, sa_flags=0x10000004
SIGILL: [libjvm.so+0x81e740], sa_mask[0]=0x7ffbfeff, sa_flags=0x10000004
SIGUSR1: SIG_DFL, sa_mask[0]=0x00000000, sa_flags=0x00000000
SIGUSR2: [libjvm.so+0x81ffb0], sa_mask[0]=0x00000004, sa_flags=0x10000004
SIGHUP: [libjvm.so+0x8210d0], sa_mask[0]=0x7ffbfeff, sa_flags=0x10000004
SIGINT: [libjvm.so+0x8210d0], sa_mask[0]=0x7ffbfeff, sa_flags=0x10000004
SIGTERM: [libjvm.so+0x8210d0], sa_mask[0]=0x7ffbfeff, sa_flags=0x10000004
SIGQUIT: [libjvm.so+0x8210d0], sa_mask[0]=0x7ffbfeff, sa_flags=0x10000004


---------------  S Y S T E M  ---------------

OS:jessie/sid

uname:Linux 3.13.0-37-generic #64-Ubuntu SMP Mon Sep 22 21:28:38 UTC 2014 x86_64
libc:glibc 2.19 NPTL 2.19 
rlimit: STACK 8192k, CORE 0k, NPROC 28776, NOFILE 4096, AS infinity
load average:0,52 0,59 0,50

/proc/meminfo:
MemTotal:        3714900 kB
MemFree:          391356 kB
Buffers:          211232 kB
Cached:          1516172 kB
SwapCached:        52096 kB
Active:          2069244 kB
Inactive:        1026292 kB
Active(anon):    1394080 kB
Inactive(anon):   267060 kB
Active(file):     675164 kB
Inactive(file):   759232 kB
Unevictable:           0 kB
Mlocked:               0 kB
SwapTotal:       5799932 kB
SwapFree:        5506312 kB
Dirty:                 0 kB
Writeback:             0 kB
AnonPages:       1320964 kB
Mapped:           322548 kB
Shmem:            293008 kB
Slab:             120156 kB
SReclaimable:      89172 kB
SUnreclaim:        30984 kB
KernelStack:        4408 kB
PageTables:        43012 kB
NFS_Unstable:          0 kB
Bounce:                0 kB
WritebackTmp:          0 kB
CommitLimit:     7657380 kB
Committed_AS:    4807612 kB
VmallocTotal:   34359738367 kB
VmallocUsed:      545168 kB
VmallocChunk:   34359180412 kB
HardwareCorrupted:     0 kB
AnonHugePages:    831488 kB
HugePages_Total:       0
HugePages_Free:        0
HugePages_Rsvd:        0
HugePages_Surp:        0
Hugepagesize:       2048 kB
DirectMap4k:       68708 kB
DirectMap2M:     3788800 kB


CPU:total 4 (2 cores per cpu, 2 threads per core) family 6 model 37 stepping 5, cmov, cx8, fxsr, mmx, sse, sse2, sse3, ssse3, sse4.1, sse4.2, popcnt, ht, tsc, tscinvbit

/proc/cpuinfo:
processor	: 0
vendor_id	: GenuineIntel
cpu family	: 6
model		: 37
model name	: Intel(R) Core(TM) i3 CPU       M 380  @ 2.53GHz
stepping	: 5
microcode	: 0x2
cpu MHz		: 933.000
cache size	: 3072 KB
physical id	: 0
siblings	: 4
core id		: 0
cpu cores	: 2
apicid		: 0
initial apicid	: 0
fpu		: yes
fpu_exception	: yes
cpuid level	: 11
wp		: yes
flags		: fpu vme de pse tsc msr pae mce cx8 apic sep mtrr pge mca cmov pat pse36 clflush dts acpi mmx fxsr sse sse2 ss ht tm pbe syscall nx rdtscp lm constant_tsc arch_perfmon pebs bts rep_good nopl xtopology nonstop_tsc aperfmperf pni dtes64 monitor ds_cpl vmx est tm2 ssse3 cx16 xtpr pdcm pcid sse4_1 sse4_2 popcnt lahf_lm arat dtherm tpr_shadow vnmi flexpriority ept vpid
bogomips	: 5053.64
clflush size	: 64
cache_alignment	: 64
address sizes	: 36 bits physical, 48 bits virtual
power management:

processor	: 1
vendor_id	: GenuineIntel
cpu family	: 6
model		: 37
model name	: Intel(R) Core(TM) i3 CPU       M 380  @ 2.53GHz
stepping	: 5
microcode	: 0x2
cpu MHz		: 1199.000
cache size	: 3072 KB
physical id	: 0
siblings	: 4
core id		: 0
cpu cores	: 2
apicid		: 1
initial apicid	: 1
fpu		: yes
fpu_exception	: yes
cpuid level	: 11
wp		: yes
flags		: fpu vme de pse tsc msr pae mce cx8 apic sep mtrr pge mca cmov pat pse36 clflush dts acpi mmx fxsr sse sse2 ss ht tm pbe syscall nx rdtscp lm constant_tsc arch_perfmon pebs bts rep_good nopl xtopology nonstop_tsc aperfmperf pni dtes64 monitor ds_cpl vmx est tm2 ssse3 cx16 xtpr pdcm pcid sse4_1 sse4_2 popcnt lahf_lm arat dtherm tpr_shadow vnmi flexpriority ept vpid
bogomips	: 5053.64
clflush size	: 64
cache_alignment	: 64
address sizes	: 36 bits physical, 48 bits virtual
power management:

processor	: 2
vendor_id	: GenuineIntel
cpu family	: 6
model		: 37
model name	: Intel(R) Core(TM) i3 CPU       M 380  @ 2.53GHz
stepping	: 5
microcode	: 0x2
cpu MHz		: 2533.000
cache size	: 3072 KB
physical id	: 0
siblings	: 4
core id		: 2
cpu cores	: 2
apicid		: 4
initial apicid	: 4
fpu		: yes
fpu_exception	: yes
cpuid level	: 11
wp		: yes
flags		: fpu vme de pse tsc msr pae mce cx8 apic sep mtrr pge mca cmov pat pse36 clflush dts acpi mmx fxsr sse sse2 ss ht tm pbe syscall nx rdtscp lm constant_tsc arch_perfmon pebs bts rep_good nopl xtopology nonstop_tsc aperfmperf pni dtes64 monitor ds_cpl vmx est tm2 ssse3 cx16 xtpr pdcm pcid sse4_1 sse4_2 popcnt lahf_lm arat dtherm tpr_shadow vnmi flexpriority ept vpid
bogomips	: 5053.64
clflush size	: 64
cache_alignment	: 64
address sizes	: 36 bits physical, 48 bits virtual
power management:

processor	: 3
vendor_id	: GenuineIntel
cpu family	: 6
model		: 37
model name	: Intel(R) Core(TM) i3 CPU       M 380  @ 2.53GHz
stepping	: 5
microcode	: 0x2
cpu MHz		: 933.000
cache size	: 3072 KB
physical id	: 0
siblings	: 4
core id		: 2
cpu cores	: 2
apicid		: 5
initial apicid	: 5
fpu		: yes
fpu_exception	: yes
cpuid level	: 11
wp		: yes
flags		: fpu vme de pse tsc msr pae mce cx8 apic sep mtrr pge mca cmov pat pse36 clflush dts acpi mmx fxsr sse sse2 ss ht tm pbe syscall nx rdtscp lm constant_tsc arch_perfmon pebs bts rep_good nopl xtopology nonstop_tsc aperfmperf pni dtes64 monitor ds_cpl vmx est tm2 ssse3 cx16 xtpr pdcm pcid sse4_1 sse4_2 popcnt lahf_lm arat dtherm tpr_shadow vnmi flexpriority ept vpid
bogomips	: 5053.64
clflush size	: 64
cache_alignment	: 64
address sizes	: 36 bits physical, 48 bits virtual
power management:



Memory: 4k page, physical 3714900k(391356k free), swap 5799932k(5506312k free)

vm_info: Java HotSpot(TM) 64-Bit Server VM (24.80-b11) for linux-amd64 JRE (1.7.0_80-b15), built on Apr 10 2015 19:53:14 by "java_re" with gcc 4.3.0 20080428 (Red Hat 4.3.0-8)

time: Mon Jun 15 11:45:30 2015
elapsed time: 628 seconds

